[2021-07-06 19:34:09] local.ERROR: Please provide a valid cache path. {"exception":"[object] (InvalidArgumentException(code: 0): Please provide a valid cache path. at /mnt/CA061E3D061E2B49/Code/Project/php_EShop/vendor/laravel/framework/src/Illuminate/View/Compilers/Compiler.php:36)
[stacktrace]
#0 /mnt/CA061E3D061E2B49/Code/Project/php_EShop/vendor/laravel/framework/src/Illuminate/View/ViewServiceProvider.php(88): Illuminate\\View\\Compilers\\Compiler->__construct()
#1 /mnt/CA061E3D061E2B49/Code/Project/php_EShop/vendor/laravel/framework/src/Illuminate/Container/Container.php(869): Illuminate\\View\\ViewServiceProvider->Illuminate\\View\\{closure}()
#2 /mnt/CA061E3D061E2B49/Code/Project/php_EShop/vendor/laravel/framework/src/Illuminate/Container/Container.php(754): Illuminate\\Container\\Container->build()
#3 /mnt/CA061E3D061E2B49/Code/Project/php_EShop/vendor/laravel/framework/src/Illuminate/Foundation/Application.php(841): Illuminate\\Container\\Container->resolve()
#4 /mnt/CA061E3D061E2B49/Code/Project/php_EShop/vendor/laravel/framework/src/Illuminate/Container/Container.php(692): Illuminate\\Foundation\\Application->resolve()
#5 /mnt/CA061E3D061E2B49/Code/Project/php_EShop/vendor/laravel/framework/src/Illuminate/Foundation/Application.php(826): Illuminate\\Container\\Container->make()
#6 /mnt/CA061E3D061E2B49/Code/Project/php_EShop/vendor/laravel/framework/src/Illuminate/Container/Container.php(1418): Illuminate\\Foundation\\Application->make()
#7 /mnt/CA061E3D061E2B49/Code/Project/php_EShop/vendor/laravel/framework/src/Illuminate/View/ViewServiceProvider.php(150): Illuminate\\Container\\Container->offsetGet()
#8 [internal function]: Illuminate\\View\\ViewServiceProvider->Illuminate\\View\\{closure}()
#9 /mnt/CA061E3D061E2B49/Code/Project/php_EShop/vendor/laravel/framework/src/Illuminate/View/Engines/EngineResolver.php(55): call_user_func()
#10 /mnt/CA061E3D061E2B49/Code/Project/php_EShop/vendor/facade/ignition/src/IgnitionServiceProvider.php(427): Illuminate\\View\\Engines\\EngineResolver->resolve()
#11 /mnt/CA061E3D061E2B49/Code/Project/php_EShop/vendor/facade/ignition/src/IgnitionServiceProvider.php(149): Facade\\Ignition\\IgnitionServiceProvider->hasCustomViewEnginesRegistered()
#12 /mnt/CA061E3D061E2B49/Code/Project/php_EShop/vendor/facade/ignition/src/IgnitionServiceProvider.php(93): Facade\\Ignition\\IgnitionServiceProvider->registerViewEngines()
#13 /mnt/CA061E3D061E2B49/Code/Project/php_EShop/vendor/laravel/framework/src/Illuminate/Container/BoundMethod.php(36): Facade\\Ignition\\IgnitionServiceProvider->boot()
#14 /mnt/CA061E3D061E2B49/Code/Project/php_EShop/vendor/laravel/framework/src/Illuminate/Container/Util.php(40): Illuminate\\Container\\BoundMethod::Illuminate\\Container\\{closure}()
#15 /mnt/CA061E3D061E2B49/Code/Project/php_EShop/vendor/laravel/framework/src/Illuminate/Container/BoundMethod.php(93): Illuminate\\Container\\Util::unwrapIfClosure()
#16 /mnt/CA061E3D061E2B49/Code/Project/php_EShop/vendor/laravel/framework/src/Illuminate/Container/BoundMethod.php(37): Illuminate\\Container\\BoundMethod::callBoundMethod()
#17 /mnt/CA061E3D061E2B49/Code/Project/php_EShop/vendor/laravel/framework/src/Illuminate/Container/Container.php(651): Illuminate\\Container\\BoundMethod::call()
#18 /mnt/CA061E3D061E2B49/Code/Project/php_EShop/vendor/laravel/framework/src/Illuminate/Foundation/Application.php(914): Illuminate\\Container\\Container->call()
#19 /mnt/CA061E3D061E2B49/Code/Project/php_EShop/vendor/laravel/framework/src/Illuminate/Foundation/Application.php(895): Illuminate\\Foundation\\Application->bootProvider()
#20 [internal function]: Illuminate\\Foundation\\Application->Illuminate\\Foundation\\{closure}()
#21 /mnt/CA061E3D061E2B49/Code/Project/php_EShop/vendor/laravel/framework/src/Illuminate/Foundation/Application.php(896): array_walk()
#22 /mnt/CA061E3D061E2B49/Code/Project/php_EShop/vendor/laravel/framework/src/Illuminate/Foundation/Bootstrap/BootProviders.php(17): Illuminate\\Foundation\\Application->boot()
#23 /mnt/CA061E3D061E2B49/Code/Project/php_EShop/vendor/laravel/framework/src/Illuminate/Foundation/Application.php(237): Illuminate\\Foundation\\Bootstrap\\BootProviders->bootstrap()
#24 /mnt/CA061E3D061E2B49/Code/Project/php_EShop/vendor/laravel/framework/src/Illuminate/Foundation/Console/Kernel.php(310): Illuminate\\Foundation\\Application->bootstrapWith()
#25 /mnt/CA061E3D061E2B49/Code/Project/php_EShop/vendor/laravel/framework/src/Illuminate/Foundation/Console/Kernel.php(127): Illuminate\\Foundation\\Console\\Kernel->bootstrap()
#26 /mnt/CA061E3D061E2B49/Code/Project/php_EShop/artisan(37): Illuminate\\Foundation\\Console\\Kernel->handle()
#27 {main}
"} 
[2021-07-06 19:36:52] local.ERROR: SQLSTATE[HY000]: General error: 3730 Cannot drop table 'laptop_specs' referenced by a foreign key constraint 'discounts_product_id_foreign' on table 'discounts'. (SQL: drop table if exists `laptop_specs`) {"exception":"[object] (Illuminate\\Database\\QueryException(code: HY000): SQLSTATE[HY000]: General error: 3730 Cannot drop table 'laptop_specs' referenced by a foreign key constraint 'discounts_product_id_foreign' on table 'discounts'. (SQL: drop table if exists `laptop_specs`) at /mnt/CA061E3D061E2B49/Code/Project/php_EShop/vendor/laravel/framework/src/Illuminate/Database/Connection.php:692)
[stacktrace]
#0 /mnt/CA061E3D061E2B49/Code/Project/php_EShop/vendor/laravel/framework/src/Illuminate/Database/Connection.php(652): Illuminate\\Database\\Connection->runQueryCallback()
#1 /mnt/CA061E3D061E2B49/Code/Project/php_EShop/vendor/laravel/framework/src/Illuminate/Database/Connection.php(486): Illuminate\\Database\\Connection->run()
#2 /mnt/CA061E3D061E2B49/Code/Project/php_EShop/vendor/laravel/framework/src/Illuminate/Database/Schema/Blueprint.php(109): Illuminate\\Database\\Connection->statement()
#3 /mnt/CA061E3D061E2B49/Code/Project/php_EShop/vendor/laravel/framework/src/Illuminate/Database/Schema/Builder.php(365): Illuminate\\Database\\Schema\\Blueprint->build()
#4 /mnt/CA061E3D061E2B49/Code/Project/php_EShop/vendor/laravel/framework/src/Illuminate/Database/Schema/Builder.php(254): Illuminate\\Database\\Schema\\Builder->build()
#5 /mnt/CA061E3D061E2B49/Code/Project/php_EShop/vendor/laravel/framework/src/Illuminate/Support/Facades/Facade.php(261): Illuminate\\Database\\Schema\\Builder->dropIfExists()
#6 /mnt/CA061E3D061E2B49/Code/Project/php_EShop/database/migrations/2021_04_26_103330_create_laptop_specs_table.php(39): Illuminate\\Support\\Facades\\Facade::__callStatic()
#7 /mnt/CA061E3D061E2B49/Code/Project/php_EShop/vendor/laravel/framework/src/Illuminate/Database/Migrations/Migrator.php(394): CreateLaptopSpecsTable->down()
#8 /mnt/CA061E3D061E2B49/Code/Project/php_EShop/vendor/laravel/framework/src/Illuminate/Database/Migrations/Migrator.php(403): Illuminate\\Database\\Migrations\\Migrator->Illuminate\\Database\\Migrations\\{closure}()
#9 /mnt/CA061E3D061E2B49/Code/Project/php_EShop/vendor/laravel/framework/src/Illuminate/Database/Migrations/Migrator.php(365): Illuminate\\Database\\Migrations\\Migrator->runMigration()
#10 /mnt/CA061E3D061E2B49/Code/Project/php_EShop/vendor/laravel/framework/src/Illuminate/Database/Migrations/Migrator.php(286): Illuminate\\Database\\Migrations\\Migrator->runDown()
#11 /mnt/CA061E3D061E2B49/Code/Project/php_EShop/vendor/laravel/framework/src/Illuminate/Database/Migrations/Migrator.php(336): Illuminate\\Database\\Migrations\\Migrator->rollbackMigrations()
#12 /mnt/CA061E3D061E2B49/Code/Project/php_EShop/vendor/laravel/framework/src/Illuminate/Database/Migrations/Migrator.php(315): Illuminate\\Database\\Migrations\\Migrator->resetMigrations()
#13 /mnt/CA061E3D061E2B49/Code/Project/php_EShop/vendor/laravel/framework/src/Illuminate/Database/Console/Migrations/ResetCommand.php(67): Illuminate\\Database\\Migrations\\Migrator->reset()
#14 /mnt/CA061E3D061E2B49/Code/Project/php_EShop/vendor/laravel/framework/src/Illuminate/Database/Migrations/Migrator.php(585): Illuminate\\Database\\Console\\Migrations\\ResetCommand->Illuminate\\Database\\Console\\Migrations\\{closure}()
#15 /mnt/CA061E3D061E2B49/Code/Project/php_EShop/vendor/laravel/framework/src/Illuminate/Database/Console/Migrations/ResetCommand.php(69): Illuminate\\Database\\Migrations\\Migrator->usingConnection()
#16 /mnt/CA061E3D061E2B49/Code/Project/php_EShop/vendor/laravel/framework/src/Illuminate/Container/BoundMethod.php(36): Illuminate\\Database\\Console\\Migrations\\ResetCommand->handle()
#17 /mnt/CA061E3D061E2B49/Code/Project/php_EShop/vendor/laravel/framework/src/Illuminate/Container/Util.php(40): Illuminate\\Container\\BoundMethod::Illuminate\\Container\\{closure}()
#18 /mnt/CA061E3D061E2B49/Code/Project/php_EShop/vendor/laravel/framework/src/Illuminate/Container/BoundMethod.php(93): Illuminate\\Container\\Util::unwrapIfClosure()
#19 /mnt/CA061E3D061E2B49/Code/Project/php_EShop/vendor/laravel/framework/src/Illuminate/Container/BoundMethod.php(37): Illuminate\\Container\\BoundMethod::callBoundMethod()
#20 /mnt/CA061E3D061E2B49/Code/Project/php_EShop/vendor/laravel/framework/src/Illuminate/Container/Container.php(651): Illuminate\\Container\\BoundMethod::call()
#21 /mnt/CA061E3D061E2B49/Code/Project/php_EShop/vendor/laravel/framework/src/Illuminate/Console/Command.php(136): Illuminate\\Container\\Container->call()
#22 /mnt/CA061E3D061E2B49/Code/Project/php_EShop/vendor/symfony/console/Command/Command.php(299): Illuminate\\Console\\Command->execute()
#23 /mnt/CA061E3D061E2B49/Code/Project/php_EShop/vendor/laravel/framework/src/Illuminate/Console/Command.php(121): Symfony\\Component\\Console\\Command\\Command->run()
#24 /mnt/CA061E3D061E2B49/Code/Project/php_EShop/vendor/laravel/framework/src/Illuminate/Console/Concerns/CallsCommands.php(68): Illuminate\\Console\\Command->run()
#25 /mnt/CA061E3D061E2B49/Code/Project/php_EShop/vendor/laravel/framework/src/Illuminate/Console/Concerns/CallsCommands.php(28): Illuminate\\Console\\Command->runCommand()
#26 /mnt/CA061E3D061E2B49/Code/Project/php_EShop/vendor/laravel/framework/src/Illuminate/Database/Console/Migrations/RefreshCommand.php(110): Illuminate\\Console\\Command->call()
#27 /mnt/CA061E3D061E2B49/Code/Project/php_EShop/vendor/laravel/framework/src/Illuminate/Database/Console/Migrations/RefreshCommand.php(55): Illuminate\\Database\\Console\\Migrations\\RefreshCommand->runReset()
#28 /mnt/CA061E3D061E2B49/Code/Project/php_EShop/vendor/laravel/framework/src/Illuminate/Container/BoundMethod.php(36): Illuminate\\Database\\Console\\Migrations\\RefreshCommand->handle()
#29 /mnt/CA061E3D061E2B49/Code/Project/php_EShop/vendor/laravel/framework/src/Illuminate/Container/Util.php(40): Illuminate\\Container\\BoundMethod::Illuminate\\Container\\{closure}()
#30 /mnt/CA061E3D061E2B49/Code/Project/php_EShop/vendor/laravel/framework/src/Illuminate/Container/BoundMethod.php(93): Illuminate\\Container\\Util::unwrapIfClosure()
#31 /mnt/CA061E3D061E2B49/Code/Project/php_EShop/vendor/laravel/framework/src/Illuminate/Container/BoundMethod.php(37): Illuminate\\Container\\BoundMethod::callBoundMethod()
#32 /mnt/CA061E3D061E2B49/Code/Project/php_EShop/vendor/laravel/framework/src/Illuminate/Container/Container.php(651): Illuminate\\Container\\BoundMethod::call()
#33 /mnt/CA061E3D061E2B49/Code/Project/php_EShop/vendor/laravel/framework/src/Illuminate/Console/Command.php(136): Illuminate\\Container\\Container->call()
#34 /mnt/CA061E3D061E2B49/Code/Project/php_EShop/vendor/symfony/console/Command/Command.php(299): Illuminate\\Console\\Command->execute()
#35 /mnt/CA061E3D061E2B49/Code/Project/php_EShop/vendor/laravel/framework/src/Illuminate/Console/Command.php(121): Symfony\\Component\\Console\\Command\\Command->run()
#36 /mnt/CA061E3D061E2B49/Code/Project/php_EShop/vendor/symfony/console/Application.php(978): Illuminate\\Console\\Command->run()
#37 /mnt/CA061E3D061E2B49/Code/Project/php_EShop/vendor/symfony/console/Application.php(295): Symfony\\Component\\Console\\Application->doRunCommand()
#38 /mnt/CA061E3D061E2B49/Code/Project/php_EShop/vendor/symfony/console/Application.php(167): Symfony\\Component\\Console\\Application->doRun()
#39 /mnt/CA061E3D061E2B49/Code/Project/php_EShop/vendor/laravel/framework/src/Illuminate/Console/Application.php(92): Symfony\\Component\\Console\\Application->run()
#40 /mnt/CA061E3D061E2B49/Code/Project/php_EShop/vendor/laravel/framework/src/Illuminate/Foundation/Console/Kernel.php(129): Illuminate\\Console\\Application->run()
#41 /mnt/CA061E3D061E2B49/Code/Project/php_EShop/artisan(37): Illuminate\\Foundation\\Console\\Kernel->handle()
#42 {main}

[previous exception] [object] (PDOException(code: HY000): SQLSTATE[HY000]: General error: 3730 Cannot drop table 'laptop_specs' referenced by a foreign key constraint 'discounts_product_id_foreign' on table 'discounts'. at /mnt/CA061E3D061E2B49/Code/Project/php_EShop/vendor/laravel/framework/src/Illuminate/Database/Connection.php:485)
[stacktrace]
#0 /mnt/CA061E3D061E2B49/Code/Project/php_EShop/vendor/laravel/framework/src/Illuminate/Database/Connection.php(485): PDOStatement->execute()
#1 /mnt/CA061E3D061E2B49/Code/Project/php_EShop/vendor/laravel/framework/src/Illuminate/Database/Connection.php(685): Illuminate\\Database\\Connection->Illuminate\\Database\\{closure}()
#2 /mnt/CA061E3D061E2B49/Code/Project/php_EShop/vendor/laravel/framework/src/Illuminate/Database/Connection.php(652): Illuminate\\Database\\Connection->runQueryCallback()
#3 /mnt/CA061E3D061E2B49/Code/Project/php_EShop/vendor/laravel/framework/src/Illuminate/Database/Connection.php(486): Illuminate\\Database\\Connection->run()
#4 /mnt/CA061E3D061E2B49/Code/Project/php_EShop/vendor/laravel/framework/src/Illuminate/Database/Schema/Blueprint.php(109): Illuminate\\Database\\Connection->statement()
#5 /mnt/CA061E3D061E2B49/Code/Project/php_EShop/vendor/laravel/framework/src/Illuminate/Database/Schema/Builder.php(365): Illuminate\\Database\\Schema\\Blueprint->build()
#6 /mnt/CA061E3D061E2B49/Code/Project/php_EShop/vendor/laravel/framework/src/Illuminate/Database/Schema/Builder.php(254): Illuminate\\Database\\Schema\\Builder->build()
#7 /mnt/CA061E3D061E2B49/Code/Project/php_EShop/vendor/laravel/framework/src/Illuminate/Support/Facades/Facade.php(261): Illuminate\\Database\\Schema\\Builder->dropIfExists()
#8 /mnt/CA061E3D061E2B49/Code/Project/php_EShop/database/migrations/2021_04_26_103330_create_laptop_specs_table.php(39): Illuminate\\Support\\Facades\\Facade::__callStatic()
#9 /mnt/CA061E3D061E2B49/Code/Project/php_EShop/vendor/laravel/framework/src/Illuminate/Database/Migrations/Migrator.php(394): CreateLaptopSpecsTable->down()
#10 /mnt/CA061E3D061E2B49/Code/Project/php_EShop/vendor/laravel/framework/src/Illuminate/Database/Migrations/Migrator.php(403): Illuminate\\Database\\Migrations\\Migrator->Illuminate\\Database\\Migrations\\{closure}()
#11 /mnt/CA061E3D061E2B49/Code/Project/php_EShop/vendor/laravel/framework/src/Illuminate/Database/Migrations/Migrator.php(365): Illuminate\\Database\\Migrations\\Migrator->runMigration()
#12 /mnt/CA061E3D061E2B49/Code/Project/php_EShop/vendor/laravel/framework/src/Illuminate/Database/Migrations/Migrator.php(286): Illuminate\\Database\\Migrations\\Migrator->runDown()
#13 /mnt/CA061E3D061E2B49/Code/Project/php_EShop/vendor/laravel/framework/src/Illuminate/Database/Migrations/Migrator.php(336): Illuminate\\Database\\Migrations\\Migrator->rollbackMigrations()
#14 /mnt/CA061E3D061E2B49/Code/Project/php_EShop/vendor/laravel/framework/src/Illuminate/Database/Migrations/Migrator.php(315): Illuminate\\Database\\Migrations\\Migrator->resetMigrations()
#15 /mnt/CA061E3D061E2B49/Code/Project/php_EShop/vendor/laravel/framework/src/Illuminate/Database/Console/Migrations/ResetCommand.php(67): Illuminate\\Database\\Migrations\\Migrator->reset()
#16 /mnt/CA061E3D061E2B49/Code/Project/php_EShop/vendor/laravel/framework/src/Illuminate/Database/Migrations/Migrator.php(585): Illuminate\\Database\\Console\\Migrations\\ResetCommand->Illuminate\\Database\\Console\\Migrations\\{closure}()
#17 /mnt/CA061E3D061E2B49/Code/Project/php_EShop/vendor/laravel/framework/src/Illuminate/Database/Console/Migrations/ResetCommand.php(69): Illuminate\\Database\\Migrations\\Migrator->usingConnection()
#18 /mnt/CA061E3D061E2B49/Code/Project/php_EShop/vendor/laravel/framework/src/Illuminate/Container/BoundMethod.php(36): Illuminate\\Database\\Console\\Migrations\\ResetCommand->handle()
#19 /mnt/CA061E3D061E2B49/Code/Project/php_EShop/vendor/laravel/framework/src/Illuminate/Container/Util.php(40): Illuminate\\Container\\BoundMethod::Illuminate\\Container\\{closure}()
#20 /mnt/CA061E3D061E2B49/Code/Project/php_EShop/vendor/laravel/framework/src/Illuminate/Container/BoundMethod.php(93): Illuminate\\Container\\Util::unwrapIfClosure()
#21 /mnt/CA061E3D061E2B49/Code/Project/php_EShop/vendor/laravel/framework/src/Illuminate/Container/BoundMethod.php(37): Illuminate\\Container\\BoundMethod::callBoundMethod()
#22 /mnt/CA061E3D061E2B49/Code/Project/php_EShop/vendor/laravel/framework/src/Illuminate/Container/Container.php(651): Illuminate\\Container\\BoundMethod::call()
#23 /mnt/CA061E3D061E2B49/Code/Project/php_EShop/vendor/laravel/framework/src/Illuminate/Console/Command.php(136): Illuminate\\Container\\Container->call()
#24 /mnt/CA061E3D061E2B49/Code/Project/php_EShop/vendor/symfony/console/Command/Command.php(299): Illuminate\\Console\\Command->execute()
#25 /mnt/CA061E3D061E2B49/Code/Project/php_EShop/vendor/laravel/framework/src/Illuminate/Console/Command.php(121): Symfony\\Component\\Console\\Command\\Command->run()
#26 /mnt/CA061E3D061E2B49/Code/Project/php_EShop/vendor/laravel/framework/src/Illuminate/Console/Concerns/CallsCommands.php(68): Illuminate\\Console\\Command->run()
#27 /mnt/CA061E3D061E2B49/Code/Project/php_EShop/vendor/laravel/framework/src/Illuminate/Console/Concerns/CallsCommands.php(28): Illuminate\\Console\\Command->runCommand()
#28 /mnt/CA061E3D061E2B49/Code/Project/php_EShop/vendor/laravel/framework/src/Illuminate/Database/Console/Migrations/RefreshCommand.php(110): Illuminate\\Console\\Command->call()
#29 /mnt/CA061E3D061E2B49/Code/Project/php_EShop/vendor/laravel/framework/src/Illuminate/Database/Console/Migrations/RefreshCommand.php(55): Illuminate\\Database\\Console\\Migrations\\RefreshCommand->runReset()
#30 /mnt/CA061E3D061E2B49/Code/Project/php_EShop/vendor/laravel/framework/src/Illuminate/Container/BoundMethod.php(36): Illuminate\\Database\\Console\\Migrations\\RefreshCommand->handle()
#31 /mnt/CA061E3D061E2B49/Code/Project/php_EShop/vendor/laravel/framework/src/Illuminate/Container/Util.php(40): Illuminate\\Container\\BoundMethod::Illuminate\\Container\\{closure}()
#32 /mnt/CA061E3D061E2B49/Code/Project/php_EShop/vendor/laravel/framework/src/Illuminate/Container/BoundMethod.php(93): Illuminate\\Container\\Util::unwrapIfClosure()
#33 /mnt/CA061E3D061E2B49/Code/Project/php_EShop/vendor/laravel/framework/src/Illuminate/Container/BoundMethod.php(37): Illuminate\\Container\\BoundMethod::callBoundMethod()
#34 /mnt/CA061E3D061E2B49/Code/Project/php_EShop/vendor/laravel/framework/src/Illuminate/Container/Container.php(651): Illuminate\\Container\\BoundMethod::call()
#35 /mnt/CA061E3D061E2B49/Code/Project/php_EShop/vendor/laravel/framework/src/Illuminate/Console/Command.php(136): Illuminate\\Container\\Container->call()
#36 /mnt/CA061E3D061E2B49/Code/Project/php_EShop/vendor/symfony/console/Command/Command.php(299): Illuminate\\Console\\Command->execute()
#37 /mnt/CA061E3D061E2B49/Code/Project/php_EShop/vendor/laravel/framework/src/Illuminate/Console/Command.php(121): Symfony\\Component\\Console\\Command\\Command->run()
#38 /mnt/CA061E3D061E2B49/Code/Project/php_EShop/vendor/symfony/console/Application.php(978): Illuminate\\Console\\Command->run()
#39 /mnt/CA061E3D061E2B49/Code/Project/php_EShop/vendor/symfony/console/Application.php(295): Symfony\\Component\\Console\\Application->doRunCommand()
#40 /mnt/CA061E3D061E2B49/Code/Project/php_EShop/vendor/symfony/console/Application.php(167): Symfony\\Component\\Console\\Application->doRun()
#41 /mnt/CA061E3D061E2B49/Code/Project/php_EShop/vendor/laravel/framework/src/Illuminate/Console/Application.php(92): Symfony\\Component\\Console\\Application->run()
#42 /mnt/CA061E3D061E2B49/Code/Project/php_EShop/vendor/laravel/framework/src/Illuminate/Foundation/Console/Kernel.php(129): Illuminate\\Console\\Application->run()
#43 /mnt/CA061E3D061E2B49/Code/Project/php_EShop/artisan(37): Illuminate\\Foundation\\Console\\Kernel->handle()
#44 {main}
"} 
[2021-07-06 19:37:07] local.ERROR: SQLSTATE[HY000]: General error: 3730 Cannot drop table 'laptop_specs' referenced by a foreign key constraint 'discounts_product_id_foreign' on table 'discounts'. (SQL: drop table if exists `laptop_specs`) {"exception":"[object] (Illuminate\\Database\\QueryException(code: HY000): SQLSTATE[HY000]: General error: 3730 Cannot drop table 'laptop_specs' referenced by a foreign key constraint 'discounts_product_id_foreign' on table 'discounts'. (SQL: drop table if exists `laptop_specs`) at /mnt/CA061E3D061E2B49/Code/Project/php_EShop/vendor/laravel/framework/src/Illuminate/Database/Connection.php:692)
[stacktrace]
#0 /mnt/CA061E3D061E2B49/Code/Project/php_EShop/vendor/laravel/framework/src/Illuminate/Database/Connection.php(652): Illuminate\\Database\\Connection->runQueryCallback()
#1 /mnt/CA061E3D061E2B49/Code/Project/php_EShop/vendor/laravel/framework/src/Illuminate/Database/Connection.php(486): Illuminate\\Database\\Connection->run()
#2 /mnt/CA061E3D061E2B49/Code/Project/php_EShop/vendor/laravel/framework/src/Illuminate/Database/Schema/Blueprint.php(109): Illuminate\\Database\\Connection->statement()
#3 /mnt/CA061E3D061E2B49/Code/Project/php_EShop/vendor/laravel/framework/src/Illuminate/Database/Schema/Builder.php(365): Illuminate\\Database\\Schema\\Blueprint->build()
#4 /mnt/CA061E3D061E2B49/Code/Project/php_EShop/vendor/laravel/framework/src/Illuminate/Database/Schema/Builder.php(254): Illuminate\\Database\\Schema\\Builder->build()
#5 /mnt/CA061E3D061E2B49/Code/Project/php_EShop/vendor/laravel/framework/src/Illuminate/Support/Facades/Facade.php(261): Illuminate\\Database\\Schema\\Builder->dropIfExists()
#6 /mnt/CA061E3D061E2B49/Code/Project/php_EShop/database/migrations/2021_04_26_103330_create_laptop_specs_table.php(39): Illuminate\\Support\\Facades\\Facade::__callStatic()
#7 /mnt/CA061E3D061E2B49/Code/Project/php_EShop/vendor/laravel/framework/src/Illuminate/Database/Migrations/Migrator.php(394): CreateLaptopSpecsTable->down()
#8 /mnt/CA061E3D061E2B49/Code/Project/php_EShop/vendor/laravel/framework/src/Illuminate/Database/Migrations/Migrator.php(403): Illuminate\\Database\\Migrations\\Migrator->Illuminate\\Database\\Migrations\\{closure}()
#9 /mnt/CA061E3D061E2B49/Code/Project/php_EShop/vendor/laravel/framework/src/Illuminate/Database/Migrations/Migrator.php(365): Illuminate\\Database\\Migrations\\Migrator->runMigration()
#10 /mnt/CA061E3D061E2B49/Code/Project/php_EShop/vendor/laravel/framework/src/Illuminate/Database/Migrations/Migrator.php(286): Illuminate\\Database\\Migrations\\Migrator->runDown()
#11 /mnt/CA061E3D061E2B49/Code/Project/php_EShop/vendor/laravel/framework/src/Illuminate/Database/Migrations/Migrator.php(336): Illuminate\\Database\\Migrations\\Migrator->rollbackMigrations()
#12 /mnt/CA061E3D061E2B49/Code/Project/php_EShop/vendor/laravel/framework/src/Illuminate/Database/Migrations/Migrator.php(315): Illuminate\\Database\\Migrations\\Migrator->resetMigrations()
#13 /mnt/CA061E3D061E2B49/Code/Project/php_EShop/vendor/laravel/framework/src/Illuminate/Database/Console/Migrations/ResetCommand.php(67): Illuminate\\Database\\Migrations\\Migrator->reset()
#14 /mnt/CA061E3D061E2B49/Code/Project/php_EShop/vendor/laravel/framework/src/Illuminate/Database/Migrations/Migrator.php(585): Illuminate\\Database\\Console\\Migrations\\ResetCommand->Illuminate\\Database\\Console\\Migrations\\{closure}()
#15 /mnt/CA061E3D061E2B49/Code/Project/php_EShop/vendor/laravel/framework/src/Illuminate/Database/Console/Migrations/ResetCommand.php(69): Illuminate\\Database\\Migrations\\Migrator->usingConnection()
#16 /mnt/CA061E3D061E2B49/Code/Project/php_EShop/vendor/laravel/framework/src/Illuminate/Container/BoundMethod.php(36): Illuminate\\Database\\Console\\Migrations\\ResetCommand->handle()
#17 /mnt/CA061E3D061E2B49/Code/Project/php_EShop/vendor/laravel/framework/src/Illuminate/Container/Util.php(40): Illuminate\\Container\\BoundMethod::Illuminate\\Container\\{closure}()
#18 /mnt/CA061E3D061E2B49/Code/Project/php_EShop/vendor/laravel/framework/src/Illuminate/Container/BoundMethod.php(93): Illuminate\\Container\\Util::unwrapIfClosure()
#19 /mnt/CA061E3D061E2B49/Code/Project/php_EShop/vendor/laravel/framework/src/Illuminate/Container/BoundMethod.php(37): Illuminate\\Container\\BoundMethod::callBoundMethod()
#20 /mnt/CA061E3D061E2B49/Code/Project/php_EShop/vendor/laravel/framework/src/Illuminate/Container/Container.php(651): Illuminate\\Container\\BoundMethod::call()
#21 /mnt/CA061E3D061E2B49/Code/Project/php_EShop/vendor/laravel/framework/src/Illuminate/Console/Command.php(136): Illuminate\\Container\\Container->call()
#22 /mnt/CA061E3D061E2B49/Code/Project/php_EShop/vendor/symfony/console/Command/Command.php(299): Illuminate\\Console\\Command->execute()
#23 /mnt/CA061E3D061E2B49/Code/Project/php_EShop/vendor/laravel/framework/src/Illuminate/Console/Command.php(121): Symfony\\Component\\Console\\Command\\Command->run()
#24 /mnt/CA061E3D061E2B49/Code/Project/php_EShop/vendor/symfony/console/Application.php(978): Illuminate\\Console\\Command->run()
#25 /mnt/CA061E3D061E2B49/Code/Project/php_EShop/vendor/symfony/console/Application.php(295): Symfony\\Component\\Console\\Application->doRunCommand()
#26 /mnt/CA061E3D061E2B49/Code/Project/php_EShop/vendor/symfony/console/Application.php(167): Symfony\\Component\\Console\\Application->doRun()
#27 /mnt/CA061E3D061E2B49/Code/Project/php_EShop/vendor/laravel/framework/src/Illuminate/Console/Application.php(92): Symfony\\Component\\Console\\Application->run()
#28 /mnt/CA061E3D061E2B49/Code/Project/php_EShop/vendor/laravel/framework/src/Illuminate/Foundation/Console/Kernel.php(129): Illuminate\\Console\\Application->run()
#29 /mnt/CA061E3D061E2B49/Code/Project/php_EShop/artisan(37): Illuminate\\Foundation\\Console\\Kernel->handle()
#30 {main}

[previous exception] [object] (PDOException(code: HY000): SQLSTATE[HY000]: General error: 3730 Cannot drop table 'laptop_specs' referenced by a foreign key constraint 'discounts_product_id_foreign' on table 'discounts'. at /mnt/CA061E3D061E2B49/Code/Project/php_EShop/vendor/laravel/framework/src/Illuminate/Database/Connection.php:485)
[stacktrace]
#0 /mnt/CA061E3D061E2B49/Code/Project/php_EShop/vendor/laravel/framework/src/Illuminate/Database/Connection.php(485): PDOStatement->execute()
#1 /mnt/CA061E3D061E2B49/Code/Project/php_EShop/vendor/laravel/framework/src/Illuminate/Database/Connection.php(685): Illuminate\\Database\\Connection->Illuminate\\Database\\{closure}()
#2 /mnt/CA061E3D061E2B49/Code/Project/php_EShop/vendor/laravel/framework/src/Illuminate/Database/Connection.php(652): Illuminate\\Database\\Connection->runQueryCallback()
#3 /mnt/CA061E3D061E2B49/Code/Project/php_EShop/vendor/laravel/framework/src/Illuminate/Database/Connection.php(486): Illuminate\\Database\\Connection->run()
#4 /mnt/CA061E3D061E2B49/Code/Project/php_EShop/vendor/laravel/framework/src/Illuminate/Database/Schema/Blueprint.php(109): Illuminate\\Database\\Connection->statement()
#5 /mnt/CA061E3D061E2B49/Code/Project/php_EShop/vendor/laravel/framework/src/Illuminate/Database/Schema/Builder.php(365): Illuminate\\Database\\Schema\\Blueprint->build()
#6 /mnt/CA061E3D061E2B49/Code/Project/php_EShop/vendor/laravel/framework/src/Illuminate/Database/Schema/Builder.php(254): Illuminate\\Database\\Schema\\Builder->build()
#7 /mnt/CA061E3D061E2B49/Code/Project/php_EShop/vendor/laravel/framework/src/Illuminate/Support/Facades/Facade.php(261): Illuminate\\Database\\Schema\\Builder->dropIfExists()
#8 /mnt/CA061E3D061E2B49/Code/Project/php_EShop/database/migrations/2021_04_26_103330_create_laptop_specs_table.php(39): Illuminate\\Support\\Facades\\Facade::__callStatic()
#9 /mnt/CA061E3D061E2B49/Code/Project/php_EShop/vendor/laravel/framework/src/Illuminate/Database/Migrations/Migrator.php(394): CreateLaptopSpecsTable->down()
#10 /mnt/CA061E3D061E2B49/Code/Project/php_EShop/vendor/laravel/framework/src/Illuminate/Database/Migrations/Migrator.php(403): Illuminate\\Database\\Migrations\\Migrator->Illuminate\\Database\\Migrations\\{closure}()
#11 /mnt/CA061E3D061E2B49/Code/Project/php_EShop/vendor/laravel/framework/src/Illuminate/Database/Migrations/Migrator.php(365): Illuminate\\Database\\Migrations\\Migrator->runMigration()
#12 /mnt/CA061E3D061E2B49/Code/Project/php_EShop/vendor/laravel/framework/src/Illuminate/Database/Migrations/Migrator.php(286): Illuminate\\Database\\Migrations\\Migrator->runDown()
#13 /mnt/CA061E3D061E2B49/Code/Project/php_EShop/vendor/laravel/framework/src/Illuminate/Database/Migrations/Migrator.php(336): Illuminate\\Database\\Migrations\\Migrator->rollbackMigrations()
#14 /mnt/CA061E3D061E2B49/Code/Project/php_EShop/vendor/laravel/framework/src/Illuminate/Database/Migrations/Migrator.php(315): Illuminate\\Database\\Migrations\\Migrator->resetMigrations()
#15 /mnt/CA061E3D061E2B49/Code/Project/php_EShop/vendor/laravel/framework/src/Illuminate/Database/Console/Migrations/ResetCommand.php(67): Illuminate\\Database\\Migrations\\Migrator->reset()
#16 /mnt/CA061E3D061E2B49/Code/Project/php_EShop/vendor/laravel/framework/src/Illuminate/Database/Migrations/Migrator.php(585): Illuminate\\Database\\Console\\Migrations\\ResetCommand->Illuminate\\Database\\Console\\Migrations\\{closure}()
#17 /mnt/CA061E3D061E2B49/Code/Project/php_EShop/vendor/laravel/framework/src/Illuminate/Database/Console/Migrations/ResetCommand.php(69): Illuminate\\Database\\Migrations\\Migrator->usingConnection()
#18 /mnt/CA061E3D061E2B49/Code/Project/php_EShop/vendor/laravel/framework/src/Illuminate/Container/BoundMethod.php(36): Illuminate\\Database\\Console\\Migrations\\ResetCommand->handle()
#19 /mnt/CA061E3D061E2B49/Code/Project/php_EShop/vendor/laravel/framework/src/Illuminate/Container/Util.php(40): Illuminate\\Container\\BoundMethod::Illuminate\\Container\\{closure}()
#20 /mnt/CA061E3D061E2B49/Code/Project/php_EShop/vendor/laravel/framework/src/Illuminate/Container/BoundMethod.php(93): Illuminate\\Container\\Util::unwrapIfClosure()
#21 /mnt/CA061E3D061E2B49/Code/Project/php_EShop/vendor/laravel/framework/src/Illuminate/Container/BoundMethod.php(37): Illuminate\\Container\\BoundMethod::callBoundMethod()
#22 /mnt/CA061E3D061E2B49/Code/Project/php_EShop/vendor/laravel/framework/src/Illuminate/Container/Container.php(651): Illuminate\\Container\\BoundMethod::call()
#23 /mnt/CA061E3D061E2B49/Code/Project/php_EShop/vendor/laravel/framework/src/Illuminate/Console/Command.php(136): Illuminate\\Container\\Container->call()
#24 /mnt/CA061E3D061E2B49/Code/Project/php_EShop/vendor/symfony/console/Command/Command.php(299): Illuminate\\Console\\Command->execute()
#25 /mnt/CA061E3D061E2B49/Code/Project/php_EShop/vendor/laravel/framework/src/Illuminate/Console/Command.php(121): Symfony\\Component\\Console\\Command\\Command->run()
#26 /mnt/CA061E3D061E2B49/Code/Project/php_EShop/vendor/symfony/console/Application.php(978): Illuminate\\Console\\Command->run()
#27 /mnt/CA061E3D061E2B49/Code/Project/php_EShop/vendor/symfony/console/Application.php(295): Symfony\\Component\\Console\\Application->doRunCommand()
#28 /mnt/CA061E3D061E2B49/Code/Project/php_EShop/vendor/symfony/console/Application.php(167): Symfony\\Component\\Console\\Application->doRun()
#29 /mnt/CA061E3D061E2B49/Code/Project/php_EShop/vendor/laravel/framework/src/Illuminate/Console/Application.php(92): Symfony\\Component\\Console\\Application->run()
#30 /mnt/CA061E3D061E2B49/Code/Project/php_EShop/vendor/laravel/framework/src/Illuminate/Foundation/Console/Kernel.php(129): Illuminate\\Console\\Application->run()
#31 /mnt/CA061E3D061E2B49/Code/Project/php_EShop/artisan(37): Illuminate\\Foundation\\Console\\Kernel->handle()
#32 {main}
"} 
