[2021-07-04 17:56:31] local.ERROR: could not find driver (SQL: create table `migrations` (`id` int unsigned not null auto_increment primary key, `migration` varchar(255) not null, `batch` int not null) default character set utf8 collate 'utf8_unicode_ci') {"exception":"[object] (Illuminate\\Database\\QueryException(code: 0): could not find driver (SQL: create table `migrations` (`id` int unsigned not null auto_increment primary key, `migration` varchar(255) not null, `batch` int not null) default character set utf8 collate 'utf8_unicode_ci') at /mnt/CA061E3D061E2B49/Code/Project/php_EShop/vendor/laravel/framework/src/Illuminate/Database/Connection.php:692)
[stacktrace]
#0 /mnt/CA061E3D061E2B49/Code/Project/php_EShop/vendor/laravel/framework/src/Illuminate/Database/Connection.php(652): Illuminate\\Database\\Connection->runQueryCallback()
#1 /mnt/CA061E3D061E2B49/Code/Project/php_EShop/vendor/laravel/framework/src/Illuminate/Database/Connection.php(486): Illuminate\\Database\\Connection->run()
#2 /mnt/CA061E3D061E2B49/Code/Project/php_EShop/vendor/laravel/framework/src/Illuminate/Database/Schema/Blueprint.php(109): Illuminate\\Database\\Connection->statement()
#3 /mnt/CA061E3D061E2B49/Code/Project/php_EShop/vendor/laravel/framework/src/Illuminate/Database/Schema/Builder.php(365): Illuminate\\Database\\Schema\\Blueprint->build()
#4 /mnt/CA061E3D061E2B49/Code/Project/php_EShop/vendor/laravel/framework/src/Illuminate/Database/Schema/Builder.php(228): Illuminate\\Database\\Schema\\Builder->build()
#5 /mnt/CA061E3D061E2B49/Code/Project/php_EShop/vendor/laravel/framework/src/Illuminate/Database/Migrations/DatabaseMigrationRepository.php(157): Illuminate\\Database\\Schema\\Builder->create()
#6 /mnt/CA061E3D061E2B49/Code/Project/php_EShop/vendor/laravel/framework/src/Illuminate/Database/Console/Migrations/InstallCommand.php(54): Illuminate\\Database\\Migrations\\DatabaseMigrationRepository->createRepository()
#7 /mnt/CA061E3D061E2B49/Code/Project/php_EShop/vendor/laravel/framework/src/Illuminate/Container/BoundMethod.php(36): Illuminate\\Database\\Console\\Migrations\\InstallCommand->handle()
#8 /mnt/CA061E3D061E2B49/Code/Project/php_EShop/vendor/laravel/framework/src/Illuminate/Container/Util.php(40): Illuminate\\Container\\BoundMethod::Illuminate\\Container\\{closure}()
#9 /mnt/CA061E3D061E2B49/Code/Project/php_EShop/vendor/laravel/framework/src/Illuminate/Container/BoundMethod.php(93): Illuminate\\Container\\Util::unwrapIfClosure()
#10 /mnt/CA061E3D061E2B49/Code/Project/php_EShop/vendor/laravel/framework/src/Illuminate/Container/BoundMethod.php(37): Illuminate\\Container\\BoundMethod::callBoundMethod()
#11 /mnt/CA061E3D061E2B49/Code/Project/php_EShop/vendor/laravel/framework/src/Illuminate/Container/Container.php(651): Illuminate\\Container\\BoundMethod::call()
#12 /mnt/CA061E3D061E2B49/Code/Project/php_EShop/vendor/laravel/framework/src/Illuminate/Console/Command.php(136): Illuminate\\Container\\Container->call()
#13 /mnt/CA061E3D061E2B49/Code/Project/php_EShop/vendor/symfony/console/Command/Command.php(299): Illuminate\\Console\\Command->execute()
#14 /mnt/CA061E3D061E2B49/Code/Project/php_EShop/vendor/laravel/framework/src/Illuminate/Console/Command.php(121): Symfony\\Component\\Console\\Command\\Command->run()
#15 /mnt/CA061E3D061E2B49/Code/Project/php_EShop/vendor/symfony/console/Application.php(978): Illuminate\\Console\\Command->run()
#16 /mnt/CA061E3D061E2B49/Code/Project/php_EShop/vendor/symfony/console/Application.php(295): Symfony\\Component\\Console\\Application->doRunCommand()
#17 /mnt/CA061E3D061E2B49/Code/Project/php_EShop/vendor/symfony/console/Application.php(167): Symfony\\Component\\Console\\Application->doRun()
#18 /mnt/CA061E3D061E2B49/Code/Project/php_EShop/vendor/laravel/framework/src/Illuminate/Console/Application.php(92): Symfony\\Component\\Console\\Application->run()
#19 /mnt/CA061E3D061E2B49/Code/Project/php_EShop/vendor/laravel/framework/src/Illuminate/Foundation/Console/Kernel.php(129): Illuminate\\Console\\Application->run()
#20 /mnt/CA061E3D061E2B49/Code/Project/php_EShop/artisan(37): Illuminate\\Foundation\\Console\\Kernel->handle()
#21 {main}

[previous exception] [object] (PDOException(code: 0): could not find driver at /mnt/CA061E3D061E2B49/Code/Project/php_EShop/vendor/laravel/framework/src/Illuminate/Database/Connectors/Connector.php:70)
[stacktrace]
#0 /mnt/CA061E3D061E2B49/Code/Project/php_EShop/vendor/laravel/framework/src/Illuminate/Database/Connectors/Connector.php(70): PDO->__construct()
#1 /mnt/CA061E3D061E2B49/Code/Project/php_EShop/vendor/laravel/framework/src/Illuminate/Database/Connectors/Connector.php(46): Illuminate\\Database\\Connectors\\Connector->createPdoConnection()
#2 /mnt/CA061E3D061E2B49/Code/Project/php_EShop/vendor/laravel/framework/src/Illuminate/Database/Connectors/MySqlConnector.php(24): Illuminate\\Database\\Connectors\\Connector->createConnection()
#3 /mnt/CA061E3D061E2B49/Code/Project/php_EShop/vendor/laravel/framework/src/Illuminate/Database/Connectors/ConnectionFactory.php(184): Illuminate\\Database\\Connectors\\MySqlConnector->connect()
#4 [internal function]: Illuminate\\Database\\Connectors\\ConnectionFactory->Illuminate\\Database\\Connectors\\{closure}()
#5 /mnt/CA061E3D061E2B49/Code/Project/php_EShop/vendor/laravel/framework/src/Illuminate/Database/Connection.php(999): call_user_func()
#6 /mnt/CA061E3D061E2B49/Code/Project/php_EShop/vendor/laravel/framework/src/Illuminate/Database/Connection.php(479): Illuminate\\Database\\Connection->getPdo()
#7 /mnt/CA061E3D061E2B49/Code/Project/php_EShop/vendor/laravel/framework/src/Illuminate/Database/Connection.php(685): Illuminate\\Database\\Connection->Illuminate\\Database\\{closure}()
#8 /mnt/CA061E3D061E2B49/Code/Project/php_EShop/vendor/laravel/framework/src/Illuminate/Database/Connection.php(652): Illuminate\\Database\\Connection->runQueryCallback()
#9 /mnt/CA061E3D061E2B49/Code/Project/php_EShop/vendor/laravel/framework/src/Illuminate/Database/Connection.php(486): Illuminate\\Database\\Connection->run()
#10 /mnt/CA061E3D061E2B49/Code/Project/php_EShop/vendor/laravel/framework/src/Illuminate/Database/Schema/Blueprint.php(109): Illuminate\\Database\\Connection->statement()
#11 /mnt/CA061E3D061E2B49/Code/Project/php_EShop/vendor/laravel/framework/src/Illuminate/Database/Schema/Builder.php(365): Illuminate\\Database\\Schema\\Blueprint->build()
#12 /mnt/CA061E3D061E2B49/Code/Project/php_EShop/vendor/laravel/framework/src/Illuminate/Database/Schema/Builder.php(228): Illuminate\\Database\\Schema\\Builder->build()
#13 /mnt/CA061E3D061E2B49/Code/Project/php_EShop/vendor/laravel/framework/src/Illuminate/Database/Migrations/DatabaseMigrationRepository.php(157): Illuminate\\Database\\Schema\\Builder->create()
#14 /mnt/CA061E3D061E2B49/Code/Project/php_EShop/vendor/laravel/framework/src/Illuminate/Database/Console/Migrations/InstallCommand.php(54): Illuminate\\Database\\Migrations\\DatabaseMigrationRepository->createRepository()
#15 /mnt/CA061E3D061E2B49/Code/Project/php_EShop/vendor/laravel/framework/src/Illuminate/Container/BoundMethod.php(36): Illuminate\\Database\\Console\\Migrations\\InstallCommand->handle()
#16 /mnt/CA061E3D061E2B49/Code/Project/php_EShop/vendor/laravel/framework/src/Illuminate/Container/Util.php(40): Illuminate\\Container\\BoundMethod::Illuminate\\Container\\{closure}()
#17 /mnt/CA061E3D061E2B49/Code/Project/php_EShop/vendor/laravel/framework/src/Illuminate/Container/BoundMethod.php(93): Illuminate\\Container\\Util::unwrapIfClosure()
#18 /mnt/CA061E3D061E2B49/Code/Project/php_EShop/vendor/laravel/framework/src/Illuminate/Container/BoundMethod.php(37): Illuminate\\Container\\BoundMethod::callBoundMethod()
#19 /mnt/CA061E3D061E2B49/Code/Project/php_EShop/vendor/laravel/framework/src/Illuminate/Container/Container.php(651): Illuminate\\Container\\BoundMethod::call()
#20 /mnt/CA061E3D061E2B49/Code/Project/php_EShop/vendor/laravel/framework/src/Illuminate/Console/Command.php(136): Illuminate\\Container\\Container->call()
#21 /mnt/CA061E3D061E2B49/Code/Project/php_EShop/vendor/symfony/console/Command/Command.php(299): Illuminate\\Console\\Command->execute()
#22 /mnt/CA061E3D061E2B49/Code/Project/php_EShop/vendor/laravel/framework/src/Illuminate/Console/Command.php(121): Symfony\\Component\\Console\\Command\\Command->run()
#23 /mnt/CA061E3D061E2B49/Code/Project/php_EShop/vendor/symfony/console/Application.php(978): Illuminate\\Console\\Command->run()
#24 /mnt/CA061E3D061E2B49/Code/Project/php_EShop/vendor/symfony/console/Application.php(295): Symfony\\Component\\Console\\Application->doRunCommand()
#25 /mnt/CA061E3D061E2B49/Code/Project/php_EShop/vendor/symfony/console/Application.php(167): Symfony\\Component\\Console\\Application->doRun()
#26 /mnt/CA061E3D061E2B49/Code/Project/php_EShop/vendor/laravel/framework/src/Illuminate/Console/Application.php(92): Symfony\\Component\\Console\\Application->run()
#27 /mnt/CA061E3D061E2B49/Code/Project/php_EShop/vendor/laravel/framework/src/Illuminate/Foundation/Console/Kernel.php(129): Illuminate\\Console\\Application->run()
#28 /mnt/CA061E3D061E2B49/Code/Project/php_EShop/artisan(37): Illuminate\\Foundation\\Console\\Kernel->handle()
#29 {main}
"} 
[2021-07-04 17:56:49] local.ERROR: could not find driver (SQL: select * from information_schema.tables where table_schema = php and table_name = migrations and table_type = 'BASE TABLE') {"exception":"[object] (Illuminate\\Database\\QueryException(code: 0): could not find driver (SQL: select * from information_schema.tables where table_schema = php and table_name = migrations and table_type = 'BASE TABLE') at /mnt/CA061E3D061E2B49/Code/Project/php_EShop/vendor/laravel/framework/src/Illuminate/Database/Connection.php:692)
[stacktrace]
#0 /mnt/CA061E3D061E2B49/Code/Project/php_EShop/vendor/laravel/framework/src/Illuminate/Database/Connection.php(652): Illuminate\\Database\\Connection->runQueryCallback()
#1 /mnt/CA061E3D061E2B49/Code/Project/php_EShop/vendor/laravel/framework/src/Illuminate/Database/Connection.php(360): Illuminate\\Database\\Connection->run()
#2 /mnt/CA061E3D061E2B49/Code/Project/php_EShop/vendor/laravel/framework/src/Illuminate/Database/Schema/MySqlBuilder.php(44): Illuminate\\Database\\Connection->select()
#3 /mnt/CA061E3D061E2B49/Code/Project/php_EShop/vendor/laravel/framework/src/Illuminate/Database/Migrations/DatabaseMigrationRepository.php(169): Illuminate\\Database\\Schema\\MySqlBuilder->hasTable()
#4 /mnt/CA061E3D061E2B49/Code/Project/php_EShop/vendor/laravel/framework/src/Illuminate/Database/Migrations/Migrator.php(645): Illuminate\\Database\\Migrations\\DatabaseMigrationRepository->repositoryExists()
#5 /mnt/CA061E3D061E2B49/Code/Project/php_EShop/vendor/laravel/framework/src/Illuminate/Database/Console/Migrations/StatusCommand.php(53): Illuminate\\Database\\Migrations\\Migrator->repositoryExists()
#6 /mnt/CA061E3D061E2B49/Code/Project/php_EShop/vendor/laravel/framework/src/Illuminate/Database/Migrations/Migrator.php(578): Illuminate\\Database\\Console\\Migrations\\StatusCommand->Illuminate\\Database\\Console\\Migrations\\{closure}()
#7 /mnt/CA061E3D061E2B49/Code/Project/php_EShop/vendor/laravel/framework/src/Illuminate/Database/Console/Migrations/StatusCommand.php(68): Illuminate\\Database\\Migrations\\Migrator->usingConnection()
#8 /mnt/CA061E3D061E2B49/Code/Project/php_EShop/vendor/laravel/framework/src/Illuminate/Container/BoundMethod.php(36): Illuminate\\Database\\Console\\Migrations\\StatusCommand->handle()
#9 /mnt/CA061E3D061E2B49/Code/Project/php_EShop/vendor/laravel/framework/src/Illuminate/Container/Util.php(40): Illuminate\\Container\\BoundMethod::Illuminate\\Container\\{closure}()
#10 /mnt/CA061E3D061E2B49/Code/Project/php_EShop/vendor/laravel/framework/src/Illuminate/Container/BoundMethod.php(93): Illuminate\\Container\\Util::unwrapIfClosure()
#11 /mnt/CA061E3D061E2B49/Code/Project/php_EShop/vendor/laravel/framework/src/Illuminate/Container/BoundMethod.php(37): Illuminate\\Container\\BoundMethod::callBoundMethod()
#12 /mnt/CA061E3D061E2B49/Code/Project/php_EShop/vendor/laravel/framework/src/Illuminate/Container/Container.php(651): Illuminate\\Container\\BoundMethod::call()
#13 /mnt/CA061E3D061E2B49/Code/Project/php_EShop/vendor/laravel/framework/src/Illuminate/Console/Command.php(136): Illuminate\\Container\\Container->call()
#14 /mnt/CA061E3D061E2B49/Code/Project/php_EShop/vendor/symfony/console/Command/Command.php(299): Illuminate\\Console\\Command->execute()
#15 /mnt/CA061E3D061E2B49/Code/Project/php_EShop/vendor/laravel/framework/src/Illuminate/Console/Command.php(121): Symfony\\Component\\Console\\Command\\Command->run()
#16 /mnt/CA061E3D061E2B49/Code/Project/php_EShop/vendor/symfony/console/Application.php(978): Illuminate\\Console\\Command->run()
#17 /mnt/CA061E3D061E2B49/Code/Project/php_EShop/vendor/symfony/console/Application.php(295): Symfony\\Component\\Console\\Application->doRunCommand()
#18 /mnt/CA061E3D061E2B49/Code/Project/php_EShop/vendor/symfony/console/Application.php(167): Symfony\\Component\\Console\\Application->doRun()
#19 /mnt/CA061E3D061E2B49/Code/Project/php_EShop/vendor/laravel/framework/src/Illuminate/Console/Application.php(92): Symfony\\Component\\Console\\Application->run()
#20 /mnt/CA061E3D061E2B49/Code/Project/php_EShop/vendor/laravel/framework/src/Illuminate/Foundation/Console/Kernel.php(129): Illuminate\\Console\\Application->run()
#21 /mnt/CA061E3D061E2B49/Code/Project/php_EShop/artisan(37): Illuminate\\Foundation\\Console\\Kernel->handle()
#22 {main}

[previous exception] [object] (PDOException(code: 0): could not find driver at /mnt/CA061E3D061E2B49/Code/Project/php_EShop/vendor/laravel/framework/src/Illuminate/Database/Connectors/Connector.php:70)
[stacktrace]
#0 /mnt/CA061E3D061E2B49/Code/Project/php_EShop/vendor/laravel/framework/src/Illuminate/Database/Connectors/Connector.php(70): PDO->__construct()
#1 /mnt/CA061E3D061E2B49/Code/Project/php_EShop/vendor/laravel/framework/src/Illuminate/Database/Connectors/Connector.php(46): Illuminate\\Database\\Connectors\\Connector->createPdoConnection()
#2 /mnt/CA061E3D061E2B49/Code/Project/php_EShop/vendor/laravel/framework/src/Illuminate/Database/Connectors/MySqlConnector.php(24): Illuminate\\Database\\Connectors\\Connector->createConnection()
#3 /mnt/CA061E3D061E2B49/Code/Project/php_EShop/vendor/laravel/framework/src/Illuminate/Database/Connectors/ConnectionFactory.php(184): Illuminate\\Database\\Connectors\\MySqlConnector->connect()
#4 [internal function]: Illuminate\\Database\\Connectors\\ConnectionFactory->Illuminate\\Database\\Connectors\\{closure}()
#5 /mnt/CA061E3D061E2B49/Code/Project/php_EShop/vendor/laravel/framework/src/Illuminate/Database/Connection.php(999): call_user_func()
#6 /mnt/CA061E3D061E2B49/Code/Project/php_EShop/vendor/laravel/framework/src/Illuminate/Database/Connection.php(1035): Illuminate\\Database\\Connection->getPdo()
#7 /mnt/CA061E3D061E2B49/Code/Project/php_EShop/vendor/laravel/framework/src/Illuminate/Database/Connection.php(426): Illuminate\\Database\\Connection->getReadPdo()
#8 /mnt/CA061E3D061E2B49/Code/Project/php_EShop/vendor/laravel/framework/src/Illuminate/Database/Connection.php(352): Illuminate\\Database\\Connection->getPdoForSelect()
#9 /mnt/CA061E3D061E2B49/Code/Project/php_EShop/vendor/laravel/framework/src/Illuminate/Database/Connection.php(685): Illuminate\\Database\\Connection->Illuminate\\Database\\{closure}()
#10 /mnt/CA061E3D061E2B49/Code/Project/php_EShop/vendor/laravel/framework/src/Illuminate/Database/Connection.php(652): Illuminate\\Database\\Connection->runQueryCallback()
#11 /mnt/CA061E3D061E2B49/Code/Project/php_EShop/vendor/laravel/framework/src/Illuminate/Database/Connection.php(360): Illuminate\\Database\\Connection->run()
#12 /mnt/CA061E3D061E2B49/Code/Project/php_EShop/vendor/laravel/framework/src/Illuminate/Database/Schema/MySqlBuilder.php(44): Illuminate\\Database\\Connection->select()
#13 /mnt/CA061E3D061E2B49/Code/Project/php_EShop/vendor/laravel/framework/src/Illuminate/Database/Migrations/DatabaseMigrationRepository.php(169): Illuminate\\Database\\Schema\\MySqlBuilder->hasTable()
#14 /mnt/CA061E3D061E2B49/Code/Project/php_EShop/vendor/laravel/framework/src/Illuminate/Database/Migrations/Migrator.php(645): Illuminate\\Database\\Migrations\\DatabaseMigrationRepository->repositoryExists()
#15 /mnt/CA061E3D061E2B49/Code/Project/php_EShop/vendor/laravel/framework/src/Illuminate/Database/Console/Migrations/StatusCommand.php(53): Illuminate\\Database\\Migrations\\Migrator->repositoryExists()
#16 /mnt/CA061E3D061E2B49/Code/Project/php_EShop/vendor/laravel/framework/src/Illuminate/Database/Migrations/Migrator.php(578): Illuminate\\Database\\Console\\Migrations\\StatusCommand->Illuminate\\Database\\Console\\Migrations\\{closure}()
#17 /mnt/CA061E3D061E2B49/Code/Project/php_EShop/vendor/laravel/framework/src/Illuminate/Database/Console/Migrations/StatusCommand.php(68): Illuminate\\Database\\Migrations\\Migrator->usingConnection()
#18 /mnt/CA061E3D061E2B49/Code/Project/php_EShop/vendor/laravel/framework/src/Illuminate/Container/BoundMethod.php(36): Illuminate\\Database\\Console\\Migrations\\StatusCommand->handle()
#19 /mnt/CA061E3D061E2B49/Code/Project/php_EShop/vendor/laravel/framework/src/Illuminate/Container/Util.php(40): Illuminate\\Container\\BoundMethod::Illuminate\\Container\\{closure}()
#20 /mnt/CA061E3D061E2B49/Code/Project/php_EShop/vendor/laravel/framework/src/Illuminate/Container/BoundMethod.php(93): Illuminate\\Container\\Util::unwrapIfClosure()
#21 /mnt/CA061E3D061E2B49/Code/Project/php_EShop/vendor/laravel/framework/src/Illuminate/Container/BoundMethod.php(37): Illuminate\\Container\\BoundMethod::callBoundMethod()
#22 /mnt/CA061E3D061E2B49/Code/Project/php_EShop/vendor/laravel/framework/src/Illuminate/Container/Container.php(651): Illuminate\\Container\\BoundMethod::call()
#23 /mnt/CA061E3D061E2B49/Code/Project/php_EShop/vendor/laravel/framework/src/Illuminate/Console/Command.php(136): Illuminate\\Container\\Container->call()
#24 /mnt/CA061E3D061E2B49/Code/Project/php_EShop/vendor/symfony/console/Command/Command.php(299): Illuminate\\Console\\Command->execute()
#25 /mnt/CA061E3D061E2B49/Code/Project/php_EShop/vendor/laravel/framework/src/Illuminate/Console/Command.php(121): Symfony\\Component\\Console\\Command\\Command->run()
#26 /mnt/CA061E3D061E2B49/Code/Project/php_EShop/vendor/symfony/console/Application.php(978): Illuminate\\Console\\Command->run()
#27 /mnt/CA061E3D061E2B49/Code/Project/php_EShop/vendor/symfony/console/Application.php(295): Symfony\\Component\\Console\\Application->doRunCommand()
#28 /mnt/CA061E3D061E2B49/Code/Project/php_EShop/vendor/symfony/console/Application.php(167): Symfony\\Component\\Console\\Application->doRun()
#29 /mnt/CA061E3D061E2B49/Code/Project/php_EShop/vendor/laravel/framework/src/Illuminate/Console/Application.php(92): Symfony\\Component\\Console\\Application->run()
#30 /mnt/CA061E3D061E2B49/Code/Project/php_EShop/vendor/laravel/framework/src/Illuminate/Foundation/Console/Kernel.php(129): Illuminate\\Console\\Application->run()
#31 /mnt/CA061E3D061E2B49/Code/Project/php_EShop/artisan(37): Illuminate\\Foundation\\Console\\Kernel->handle()
#32 {main}
"} 
[2021-07-04 17:57:57] local.ERROR: SQLSTATE[HY000] [1045] Access denied for user 'root'@'localhost' (using password: YES) (SQL: select * from information_schema.tables where table_schema = php and table_name = migrations and table_type = 'BASE TABLE') {"exception":"[object] (Illuminate\\Database\\QueryException(code: 1045): SQLSTATE[HY000] [1045] Access denied for user 'root'@'localhost' (using password: YES) (SQL: select * from information_schema.tables where table_schema = php and table_name = migrations and table_type = 'BASE TABLE') at /mnt/CA061E3D061E2B49/Code/Project/php_EShop/vendor/laravel/framework/src/Illuminate/Database/Connection.php:692)
[stacktrace]
#0 /mnt/CA061E3D061E2B49/Code/Project/php_EShop/vendor/laravel/framework/src/Illuminate/Database/Connection.php(652): Illuminate\\Database\\Connection->runQueryCallback()
#1 /mnt/CA061E3D061E2B49/Code/Project/php_EShop/vendor/laravel/framework/src/Illuminate/Database/Connection.php(360): Illuminate\\Database\\Connection->run()
#2 /mnt/CA061E3D061E2B49/Code/Project/php_EShop/vendor/laravel/framework/src/Illuminate/Database/Schema/MySqlBuilder.php(44): Illuminate\\Database\\Connection->select()
#3 /mnt/CA061E3D061E2B49/Code/Project/php_EShop/vendor/laravel/framework/src/Illuminate/Database/Migrations/DatabaseMigrationRepository.php(169): Illuminate\\Database\\Schema\\MySqlBuilder->hasTable()
#4 /mnt/CA061E3D061E2B49/Code/Project/php_EShop/vendor/laravel/framework/src/Illuminate/Database/Migrations/Migrator.php(645): Illuminate\\Database\\Migrations\\DatabaseMigrationRepository->repositoryExists()
#5 /mnt/CA061E3D061E2B49/Code/Project/php_EShop/vendor/laravel/framework/src/Illuminate/Database/Console/Migrations/StatusCommand.php(53): Illuminate\\Database\\Migrations\\Migrator->repositoryExists()
#6 /mnt/CA061E3D061E2B49/Code/Project/php_EShop/vendor/laravel/framework/src/Illuminate/Database/Migrations/Migrator.php(578): Illuminate\\Database\\Console\\Migrations\\StatusCommand->Illuminate\\Database\\Console\\Migrations\\{closure}()
#7 /mnt/CA061E3D061E2B49/Code/Project/php_EShop/vendor/laravel/framework/src/Illuminate/Database/Console/Migrations/StatusCommand.php(68): Illuminate\\Database\\Migrations\\Migrator->usingConnection()
#8 /mnt/CA061E3D061E2B49/Code/Project/php_EShop/vendor/laravel/framework/src/Illuminate/Container/BoundMethod.php(36): Illuminate\\Database\\Console\\Migrations\\StatusCommand->handle()
#9 /mnt/CA061E3D061E2B49/Code/Project/php_EShop/vendor/laravel/framework/src/Illuminate/Container/Util.php(40): Illuminate\\Container\\BoundMethod::Illuminate\\Container\\{closure}()
#10 /mnt/CA061E3D061E2B49/Code/Project/php_EShop/vendor/laravel/framework/src/Illuminate/Container/BoundMethod.php(93): Illuminate\\Container\\Util::unwrapIfClosure()
#11 /mnt/CA061E3D061E2B49/Code/Project/php_EShop/vendor/laravel/framework/src/Illuminate/Container/BoundMethod.php(37): Illuminate\\Container\\BoundMethod::callBoundMethod()
#12 /mnt/CA061E3D061E2B49/Code/Project/php_EShop/vendor/laravel/framework/src/Illuminate/Container/Container.php(651): Illuminate\\Container\\BoundMethod::call()
#13 /mnt/CA061E3D061E2B49/Code/Project/php_EShop/vendor/laravel/framework/src/Illuminate/Console/Command.php(136): Illuminate\\Container\\Container->call()
#14 /mnt/CA061E3D061E2B49/Code/Project/php_EShop/vendor/symfony/console/Command/Command.php(299): Illuminate\\Console\\Command->execute()
#15 /mnt/CA061E3D061E2B49/Code/Project/php_EShop/vendor/laravel/framework/src/Illuminate/Console/Command.php(121): Symfony\\Component\\Console\\Command\\Command->run()
#16 /mnt/CA061E3D061E2B49/Code/Project/php_EShop/vendor/symfony/console/Application.php(978): Illuminate\\Console\\Command->run()
#17 /mnt/CA061E3D061E2B49/Code/Project/php_EShop/vendor/symfony/console/Application.php(295): Symfony\\Component\\Console\\Application->doRunCommand()
#18 /mnt/CA061E3D061E2B49/Code/Project/php_EShop/vendor/symfony/console/Application.php(167): Symfony\\Component\\Console\\Application->doRun()
#19 /mnt/CA061E3D061E2B49/Code/Project/php_EShop/vendor/laravel/framework/src/Illuminate/Console/Application.php(92): Symfony\\Component\\Console\\Application->run()
#20 /mnt/CA061E3D061E2B49/Code/Project/php_EShop/vendor/laravel/framework/src/Illuminate/Foundation/Console/Kernel.php(129): Illuminate\\Console\\Application->run()
#21 /mnt/CA061E3D061E2B49/Code/Project/php_EShop/artisan(37): Illuminate\\Foundation\\Console\\Kernel->handle()
#22 {main}

[previous exception] [object] (PDOException(code: 1045): SQLSTATE[HY000] [1045] Access denied for user 'root'@'localhost' (using password: YES) at /mnt/CA061E3D061E2B49/Code/Project/php_EShop/vendor/laravel/framework/src/Illuminate/Database/Connectors/Connector.php:70)
[stacktrace]
#0 /mnt/CA061E3D061E2B49/Code/Project/php_EShop/vendor/laravel/framework/src/Illuminate/Database/Connectors/Connector.php(70): PDO->__construct()
#1 /mnt/CA061E3D061E2B49/Code/Project/php_EShop/vendor/laravel/framework/src/Illuminate/Database/Connectors/Connector.php(46): Illuminate\\Database\\Connectors\\Connector->createPdoConnection()
#2 /mnt/CA061E3D061E2B49/Code/Project/php_EShop/vendor/laravel/framework/src/Illuminate/Database/Connectors/MySqlConnector.php(24): Illuminate\\Database\\Connectors\\Connector->createConnection()
#3 /mnt/CA061E3D061E2B49/Code/Project/php_EShop/vendor/laravel/framework/src/Illuminate/Database/Connectors/ConnectionFactory.php(184): Illuminate\\Database\\Connectors\\MySqlConnector->connect()
#4 [internal function]: Illuminate\\Database\\Connectors\\ConnectionFactory->Illuminate\\Database\\Connectors\\{closure}()
#5 /mnt/CA061E3D061E2B49/Code/Project/php_EShop/vendor/laravel/framework/src/Illuminate/Database/Connection.php(999): call_user_func()
#6 /mnt/CA061E3D061E2B49/Code/Project/php_EShop/vendor/laravel/framework/src/Illuminate/Database/Connection.php(1035): Illuminate\\Database\\Connection->getPdo()
#7 /mnt/CA061E3D061E2B49/Code/Project/php_EShop/vendor/laravel/framework/src/Illuminate/Database/Connection.php(426): Illuminate\\Database\\Connection->getReadPdo()
#8 /mnt/CA061E3D061E2B49/Code/Project/php_EShop/vendor/laravel/framework/src/Illuminate/Database/Connection.php(352): Illuminate\\Database\\Connection->getPdoForSelect()
#9 /mnt/CA061E3D061E2B49/Code/Project/php_EShop/vendor/laravel/framework/src/Illuminate/Database/Connection.php(685): Illuminate\\Database\\Connection->Illuminate\\Database\\{closure}()
#10 /mnt/CA061E3D061E2B49/Code/Project/php_EShop/vendor/laravel/framework/src/Illuminate/Database/Connection.php(652): Illuminate\\Database\\Connection->runQueryCallback()
#11 /mnt/CA061E3D061E2B49/Code/Project/php_EShop/vendor/laravel/framework/src/Illuminate/Database/Connection.php(360): Illuminate\\Database\\Connection->run()
#12 /mnt/CA061E3D061E2B49/Code/Project/php_EShop/vendor/laravel/framework/src/Illuminate/Database/Schema/MySqlBuilder.php(44): Illuminate\\Database\\Connection->select()
#13 /mnt/CA061E3D061E2B49/Code/Project/php_EShop/vendor/laravel/framework/src/Illuminate/Database/Migrations/DatabaseMigrationRepository.php(169): Illuminate\\Database\\Schema\\MySqlBuilder->hasTable()
#14 /mnt/CA061E3D061E2B49/Code/Project/php_EShop/vendor/laravel/framework/src/Illuminate/Database/Migrations/Migrator.php(645): Illuminate\\Database\\Migrations\\DatabaseMigrationRepository->repositoryExists()
#15 /mnt/CA061E3D061E2B49/Code/Project/php_EShop/vendor/laravel/framework/src/Illuminate/Database/Console/Migrations/StatusCommand.php(53): Illuminate\\Database\\Migrations\\Migrator->repositoryExists()
#16 /mnt/CA061E3D061E2B49/Code/Project/php_EShop/vendor/laravel/framework/src/Illuminate/Database/Migrations/Migrator.php(578): Illuminate\\Database\\Console\\Migrations\\StatusCommand->Illuminate\\Database\\Console\\Migrations\\{closure}()
#17 /mnt/CA061E3D061E2B49/Code/Project/php_EShop/vendor/laravel/framework/src/Illuminate/Database/Console/Migrations/StatusCommand.php(68): Illuminate\\Database\\Migrations\\Migrator->usingConnection()
#18 /mnt/CA061E3D061E2B49/Code/Project/php_EShop/vendor/laravel/framework/src/Illuminate/Container/BoundMethod.php(36): Illuminate\\Database\\Console\\Migrations\\StatusCommand->handle()
#19 /mnt/CA061E3D061E2B49/Code/Project/php_EShop/vendor/laravel/framework/src/Illuminate/Container/Util.php(40): Illuminate\\Container\\BoundMethod::Illuminate\\Container\\{closure}()
#20 /mnt/CA061E3D061E2B49/Code/Project/php_EShop/vendor/laravel/framework/src/Illuminate/Container/BoundMethod.php(93): Illuminate\\Container\\Util::unwrapIfClosure()
#21 /mnt/CA061E3D061E2B49/Code/Project/php_EShop/vendor/laravel/framework/src/Illuminate/Container/BoundMethod.php(37): Illuminate\\Container\\BoundMethod::callBoundMethod()
#22 /mnt/CA061E3D061E2B49/Code/Project/php_EShop/vendor/laravel/framework/src/Illuminate/Container/Container.php(651): Illuminate\\Container\\BoundMethod::call()
#23 /mnt/CA061E3D061E2B49/Code/Project/php_EShop/vendor/laravel/framework/src/Illuminate/Console/Command.php(136): Illuminate\\Container\\Container->call()
#24 /mnt/CA061E3D061E2B49/Code/Project/php_EShop/vendor/symfony/console/Command/Command.php(299): Illuminate\\Console\\Command->execute()
#25 /mnt/CA061E3D061E2B49/Code/Project/php_EShop/vendor/laravel/framework/src/Illuminate/Console/Command.php(121): Symfony\\Component\\Console\\Command\\Command->run()
#26 /mnt/CA061E3D061E2B49/Code/Project/php_EShop/vendor/symfony/console/Application.php(978): Illuminate\\Console\\Command->run()
#27 /mnt/CA061E3D061E2B49/Code/Project/php_EShop/vendor/symfony/console/Application.php(295): Symfony\\Component\\Console\\Application->doRunCommand()
#28 /mnt/CA061E3D061E2B49/Code/Project/php_EShop/vendor/symfony/console/Application.php(167): Symfony\\Component\\Console\\Application->doRun()
#29 /mnt/CA061E3D061E2B49/Code/Project/php_EShop/vendor/laravel/framework/src/Illuminate/Console/Application.php(92): Symfony\\Component\\Console\\Application->run()
#30 /mnt/CA061E3D061E2B49/Code/Project/php_EShop/vendor/laravel/framework/src/Illuminate/Foundation/Console/Kernel.php(129): Illuminate\\Console\\Application->run()
#31 /mnt/CA061E3D061E2B49/Code/Project/php_EShop/artisan(37): Illuminate\\Foundation\\Console\\Kernel->handle()
#32 {main}
"} 
[2021-07-04 17:58:41] local.ERROR: SQLSTATE[HY000] [1045] Access denied for user 'root'@'localhost' (using password: YES) (SQL: select * from information_schema.tables where table_schema = php and table_name = migrations and table_type = 'BASE TABLE') {"exception":"[object] (Illuminate\\Database\\QueryException(code: 1045): SQLSTATE[HY000] [1045] Access denied for user 'root'@'localhost' (using password: YES) (SQL: select * from information_schema.tables where table_schema = php and table_name = migrations and table_type = 'BASE TABLE') at /mnt/CA061E3D061E2B49/Code/Project/php_EShop/vendor/laravel/framework/src/Illuminate/Database/Connection.php:692)
[stacktrace]
#0 /mnt/CA061E3D061E2B49/Code/Project/php_EShop/vendor/laravel/framework/src/Illuminate/Database/Connection.php(652): Illuminate\\Database\\Connection->runQueryCallback()
#1 /mnt/CA061E3D061E2B49/Code/Project/php_EShop/vendor/laravel/framework/src/Illuminate/Database/Connection.php(360): Illuminate\\Database\\Connection->run()
#2 /mnt/CA061E3D061E2B49/Code/Project/php_EShop/vendor/laravel/framework/src/Illuminate/Database/Schema/MySqlBuilder.php(44): Illuminate\\Database\\Connection->select()
#3 /mnt/CA061E3D061E2B49/Code/Project/php_EShop/vendor/laravel/framework/src/Illuminate/Database/Migrations/DatabaseMigrationRepository.php(169): Illuminate\\Database\\Schema\\MySqlBuilder->hasTable()
#4 /mnt/CA061E3D061E2B49/Code/Project/php_EShop/vendor/laravel/framework/src/Illuminate/Database/Migrations/Migrator.php(645): Illuminate\\Database\\Migrations\\DatabaseMigrationRepository->repositoryExists()
#5 /mnt/CA061E3D061E2B49/Code/Project/php_EShop/vendor/laravel/framework/src/Illuminate/Database/Console/Migrations/StatusCommand.php(53): Illuminate\\Database\\Migrations\\Migrator->repositoryExists()
#6 /mnt/CA061E3D061E2B49/Code/Project/php_EShop/vendor/laravel/framework/src/Illuminate/Database/Migrations/Migrator.php(578): Illuminate\\Database\\Console\\Migrations\\StatusCommand->Illuminate\\Database\\Console\\Migrations\\{closure}()
#7 /mnt/CA061E3D061E2B49/Code/Project/php_EShop/vendor/laravel/framework/src/Illuminate/Database/Console/Migrations/StatusCommand.php(68): Illuminate\\Database\\Migrations\\Migrator->usingConnection()
#8 /mnt/CA061E3D061E2B49/Code/Project/php_EShop/vendor/laravel/framework/src/Illuminate/Container/BoundMethod.php(36): Illuminate\\Database\\Console\\Migrations\\StatusCommand->handle()
#9 /mnt/CA061E3D061E2B49/Code/Project/php_EShop/vendor/laravel/framework/src/Illuminate/Container/Util.php(40): Illuminate\\Container\\BoundMethod::Illuminate\\Container\\{closure}()
#10 /mnt/CA061E3D061E2B49/Code/Project/php_EShop/vendor/laravel/framework/src/Illuminate/Container/BoundMethod.php(93): Illuminate\\Container\\Util::unwrapIfClosure()
#11 /mnt/CA061E3D061E2B49/Code/Project/php_EShop/vendor/laravel/framework/src/Illuminate/Container/BoundMethod.php(37): Illuminate\\Container\\BoundMethod::callBoundMethod()
#12 /mnt/CA061E3D061E2B49/Code/Project/php_EShop/vendor/laravel/framework/src/Illuminate/Container/Container.php(651): Illuminate\\Container\\BoundMethod::call()
#13 /mnt/CA061E3D061E2B49/Code/Project/php_EShop/vendor/laravel/framework/src/Illuminate/Console/Command.php(136): Illuminate\\Container\\Container->call()
#14 /mnt/CA061E3D061E2B49/Code/Project/php_EShop/vendor/symfony/console/Command/Command.php(299): Illuminate\\Console\\Command->execute()
#15 /mnt/CA061E3D061E2B49/Code/Project/php_EShop/vendor/laravel/framework/src/Illuminate/Console/Command.php(121): Symfony\\Component\\Console\\Command\\Command->run()
#16 /mnt/CA061E3D061E2B49/Code/Project/php_EShop/vendor/symfony/console/Application.php(978): Illuminate\\Console\\Command->run()
#17 /mnt/CA061E3D061E2B49/Code/Project/php_EShop/vendor/symfony/console/Application.php(295): Symfony\\Component\\Console\\Application->doRunCommand()
#18 /mnt/CA061E3D061E2B49/Code/Project/php_EShop/vendor/symfony/console/Application.php(167): Symfony\\Component\\Console\\Application->doRun()
#19 /mnt/CA061E3D061E2B49/Code/Project/php_EShop/vendor/laravel/framework/src/Illuminate/Console/Application.php(92): Symfony\\Component\\Console\\Application->run()
#20 /mnt/CA061E3D061E2B49/Code/Project/php_EShop/vendor/laravel/framework/src/Illuminate/Foundation/Console/Kernel.php(129): Illuminate\\Console\\Application->run()
#21 /mnt/CA061E3D061E2B49/Code/Project/php_EShop/artisan(37): Illuminate\\Foundation\\Console\\Kernel->handle()
#22 {main}

[previous exception] [object] (PDOException(code: 1045): SQLSTATE[HY000] [1045] Access denied for user 'root'@'localhost' (using password: YES) at /mnt/CA061E3D061E2B49/Code/Project/php_EShop/vendor/laravel/framework/src/Illuminate/Database/Connectors/Connector.php:70)
[stacktrace]
#0 /mnt/CA061E3D061E2B49/Code/Project/php_EShop/vendor/laravel/framework/src/Illuminate/Database/Connectors/Connector.php(70): PDO->__construct()
#1 /mnt/CA061E3D061E2B49/Code/Project/php_EShop/vendor/laravel/framework/src/Illuminate/Database/Connectors/Connector.php(46): Illuminate\\Database\\Connectors\\Connector->createPdoConnection()
#2 /mnt/CA061E3D061E2B49/Code/Project/php_EShop/vendor/laravel/framework/src/Illuminate/Database/Connectors/MySqlConnector.php(24): Illuminate\\Database\\Connectors\\Connector->createConnection()
#3 /mnt/CA061E3D061E2B49/Code/Project/php_EShop/vendor/laravel/framework/src/Illuminate/Database/Connectors/ConnectionFactory.php(184): Illuminate\\Database\\Connectors\\MySqlConnector->connect()
#4 [internal function]: Illuminate\\Database\\Connectors\\ConnectionFactory->Illuminate\\Database\\Connectors\\{closure}()
#5 /mnt/CA061E3D061E2B49/Code/Project/php_EShop/vendor/laravel/framework/src/Illuminate/Database/Connection.php(999): call_user_func()
#6 /mnt/CA061E3D061E2B49/Code/Project/php_EShop/vendor/laravel/framework/src/Illuminate/Database/Connection.php(1035): Illuminate\\Database\\Connection->getPdo()
#7 /mnt/CA061E3D061E2B49/Code/Project/php_EShop/vendor/laravel/framework/src/Illuminate/Database/Connection.php(426): Illuminate\\Database\\Connection->getReadPdo()
#8 /mnt/CA061E3D061E2B49/Code/Project/php_EShop/vendor/laravel/framework/src/Illuminate/Database/Connection.php(352): Illuminate\\Database\\Connection->getPdoForSelect()
#9 /mnt/CA061E3D061E2B49/Code/Project/php_EShop/vendor/laravel/framework/src/Illuminate/Database/Connection.php(685): Illuminate\\Database\\Connection->Illuminate\\Database\\{closure}()
#10 /mnt/CA061E3D061E2B49/Code/Project/php_EShop/vendor/laravel/framework/src/Illuminate/Database/Connection.php(652): Illuminate\\Database\\Connection->runQueryCallback()
#11 /mnt/CA061E3D061E2B49/Code/Project/php_EShop/vendor/laravel/framework/src/Illuminate/Database/Connection.php(360): Illuminate\\Database\\Connection->run()
#12 /mnt/CA061E3D061E2B49/Code/Project/php_EShop/vendor/laravel/framework/src/Illuminate/Database/Schema/MySqlBuilder.php(44): Illuminate\\Database\\Connection->select()
#13 /mnt/CA061E3D061E2B49/Code/Project/php_EShop/vendor/laravel/framework/src/Illuminate/Database/Migrations/DatabaseMigrationRepository.php(169): Illuminate\\Database\\Schema\\MySqlBuilder->hasTable()
#14 /mnt/CA061E3D061E2B49/Code/Project/php_EShop/vendor/laravel/framework/src/Illuminate/Database/Migrations/Migrator.php(645): Illuminate\\Database\\Migrations\\DatabaseMigrationRepository->repositoryExists()
#15 /mnt/CA061E3D061E2B49/Code/Project/php_EShop/vendor/laravel/framework/src/Illuminate/Database/Console/Migrations/StatusCommand.php(53): Illuminate\\Database\\Migrations\\Migrator->repositoryExists()
#16 /mnt/CA061E3D061E2B49/Code/Project/php_EShop/vendor/laravel/framework/src/Illuminate/Database/Migrations/Migrator.php(578): Illuminate\\Database\\Console\\Migrations\\StatusCommand->Illuminate\\Database\\Console\\Migrations\\{closure}()
#17 /mnt/CA061E3D061E2B49/Code/Project/php_EShop/vendor/laravel/framework/src/Illuminate/Database/Console/Migrations/StatusCommand.php(68): Illuminate\\Database\\Migrations\\Migrator->usingConnection()
#18 /mnt/CA061E3D061E2B49/Code/Project/php_EShop/vendor/laravel/framework/src/Illuminate/Container/BoundMethod.php(36): Illuminate\\Database\\Console\\Migrations\\StatusCommand->handle()
#19 /mnt/CA061E3D061E2B49/Code/Project/php_EShop/vendor/laravel/framework/src/Illuminate/Container/Util.php(40): Illuminate\\Container\\BoundMethod::Illuminate\\Container\\{closure}()
#20 /mnt/CA061E3D061E2B49/Code/Project/php_EShop/vendor/laravel/framework/src/Illuminate/Container/BoundMethod.php(93): Illuminate\\Container\\Util::unwrapIfClosure()
#21 /mnt/CA061E3D061E2B49/Code/Project/php_EShop/vendor/laravel/framework/src/Illuminate/Container/BoundMethod.php(37): Illuminate\\Container\\BoundMethod::callBoundMethod()
#22 /mnt/CA061E3D061E2B49/Code/Project/php_EShop/vendor/laravel/framework/src/Illuminate/Container/Container.php(651): Illuminate\\Container\\BoundMethod::call()
#23 /mnt/CA061E3D061E2B49/Code/Project/php_EShop/vendor/laravel/framework/src/Illuminate/Console/Command.php(136): Illuminate\\Container\\Container->call()
#24 /mnt/CA061E3D061E2B49/Code/Project/php_EShop/vendor/symfony/console/Command/Command.php(299): Illuminate\\Console\\Command->execute()
#25 /mnt/CA061E3D061E2B49/Code/Project/php_EShop/vendor/laravel/framework/src/Illuminate/Console/Command.php(121): Symfony\\Component\\Console\\Command\\Command->run()
#26 /mnt/CA061E3D061E2B49/Code/Project/php_EShop/vendor/symfony/console/Application.php(978): Illuminate\\Console\\Command->run()
#27 /mnt/CA061E3D061E2B49/Code/Project/php_EShop/vendor/symfony/console/Application.php(295): Symfony\\Component\\Console\\Application->doRunCommand()
#28 /mnt/CA061E3D061E2B49/Code/Project/php_EShop/vendor/symfony/console/Application.php(167): Symfony\\Component\\Console\\Application->doRun()
#29 /mnt/CA061E3D061E2B49/Code/Project/php_EShop/vendor/laravel/framework/src/Illuminate/Console/Application.php(92): Symfony\\Component\\Console\\Application->run()
#30 /mnt/CA061E3D061E2B49/Code/Project/php_EShop/vendor/laravel/framework/src/Illuminate/Foundation/Console/Kernel.php(129): Illuminate\\Console\\Application->run()
#31 /mnt/CA061E3D061E2B49/Code/Project/php_EShop/artisan(37): Illuminate\\Foundation\\Console\\Kernel->handle()
#32 {main}
"} 
[2021-07-04 18:02:06] local.ERROR: SQLSTATE[HY000] [1045] Access denied for user 'root'@'localhost' (using password: YES) (SQL: select * from information_schema.tables where table_schema = php and table_name = migrations and table_type = 'BASE TABLE') {"exception":"[object] (Illuminate\\Database\\QueryException(code: 1045): SQLSTATE[HY000] [1045] Access denied for user 'root'@'localhost' (using password: YES) (SQL: select * from information_schema.tables where table_schema = php and table_name = migrations and table_type = 'BASE TABLE') at /mnt/CA061E3D061E2B49/Code/Project/php_EShop/vendor/laravel/framework/src/Illuminate/Database/Connection.php:692)
[stacktrace]
#0 /mnt/CA061E3D061E2B49/Code/Project/php_EShop/vendor/laravel/framework/src/Illuminate/Database/Connection.php(652): Illuminate\\Database\\Connection->runQueryCallback()
#1 /mnt/CA061E3D061E2B49/Code/Project/php_EShop/vendor/laravel/framework/src/Illuminate/Database/Connection.php(360): Illuminate\\Database\\Connection->run()
#2 /mnt/CA061E3D061E2B49/Code/Project/php_EShop/vendor/laravel/framework/src/Illuminate/Database/Schema/MySqlBuilder.php(44): Illuminate\\Database\\Connection->select()
#3 /mnt/CA061E3D061E2B49/Code/Project/php_EShop/vendor/laravel/framework/src/Illuminate/Database/Migrations/DatabaseMigrationRepository.php(169): Illuminate\\Database\\Schema\\MySqlBuilder->hasTable()
#4 /mnt/CA061E3D061E2B49/Code/Project/php_EShop/vendor/laravel/framework/src/Illuminate/Database/Migrations/Migrator.php(645): Illuminate\\Database\\Migrations\\DatabaseMigrationRepository->repositoryExists()
#5 /mnt/CA061E3D061E2B49/Code/Project/php_EShop/vendor/laravel/framework/src/Illuminate/Database/Console/Migrations/StatusCommand.php(53): Illuminate\\Database\\Migrations\\Migrator->repositoryExists()
#6 /mnt/CA061E3D061E2B49/Code/Project/php_EShop/vendor/laravel/framework/src/Illuminate/Database/Migrations/Migrator.php(578): Illuminate\\Database\\Console\\Migrations\\StatusCommand->Illuminate\\Database\\Console\\Migrations\\{closure}()
#7 /mnt/CA061E3D061E2B49/Code/Project/php_EShop/vendor/laravel/framework/src/Illuminate/Database/Console/Migrations/StatusCommand.php(68): Illuminate\\Database\\Migrations\\Migrator->usingConnection()
#8 /mnt/CA061E3D061E2B49/Code/Project/php_EShop/vendor/laravel/framework/src/Illuminate/Container/BoundMethod.php(36): Illuminate\\Database\\Console\\Migrations\\StatusCommand->handle()
#9 /mnt/CA061E3D061E2B49/Code/Project/php_EShop/vendor/laravel/framework/src/Illuminate/Container/Util.php(40): Illuminate\\Container\\BoundMethod::Illuminate\\Container\\{closure}()
#10 /mnt/CA061E3D061E2B49/Code/Project/php_EShop/vendor/laravel/framework/src/Illuminate/Container/BoundMethod.php(93): Illuminate\\Container\\Util::unwrapIfClosure()
#11 /mnt/CA061E3D061E2B49/Code/Project/php_EShop/vendor/laravel/framework/src/Illuminate/Container/BoundMethod.php(37): Illuminate\\Container\\BoundMethod::callBoundMethod()
#12 /mnt/CA061E3D061E2B49/Code/Project/php_EShop/vendor/laravel/framework/src/Illuminate/Container/Container.php(651): Illuminate\\Container\\BoundMethod::call()
#13 /mnt/CA061E3D061E2B49/Code/Project/php_EShop/vendor/laravel/framework/src/Illuminate/Console/Command.php(136): Illuminate\\Container\\Container->call()
#14 /mnt/CA061E3D061E2B49/Code/Project/php_EShop/vendor/symfony/console/Command/Command.php(299): Illuminate\\Console\\Command->execute()
#15 /mnt/CA061E3D061E2B49/Code/Project/php_EShop/vendor/laravel/framework/src/Illuminate/Console/Command.php(121): Symfony\\Component\\Console\\Command\\Command->run()
#16 /mnt/CA061E3D061E2B49/Code/Project/php_EShop/vendor/symfony/console/Application.php(978): Illuminate\\Console\\Command->run()
#17 /mnt/CA061E3D061E2B49/Code/Project/php_EShop/vendor/symfony/console/Application.php(295): Symfony\\Component\\Console\\Application->doRunCommand()
#18 /mnt/CA061E3D061E2B49/Code/Project/php_EShop/vendor/symfony/console/Application.php(167): Symfony\\Component\\Console\\Application->doRun()
#19 /mnt/CA061E3D061E2B49/Code/Project/php_EShop/vendor/laravel/framework/src/Illuminate/Console/Application.php(92): Symfony\\Component\\Console\\Application->run()
#20 /mnt/CA061E3D061E2B49/Code/Project/php_EShop/vendor/laravel/framework/src/Illuminate/Foundation/Console/Kernel.php(129): Illuminate\\Console\\Application->run()
#21 /mnt/CA061E3D061E2B49/Code/Project/php_EShop/artisan(37): Illuminate\\Foundation\\Console\\Kernel->handle()
#22 {main}

[previous exception] [object] (PDOException(code: 1045): SQLSTATE[HY000] [1045] Access denied for user 'root'@'localhost' (using password: YES) at /mnt/CA061E3D061E2B49/Code/Project/php_EShop/vendor/laravel/framework/src/Illuminate/Database/Connectors/Connector.php:70)
[stacktrace]
#0 /mnt/CA061E3D061E2B49/Code/Project/php_EShop/vendor/laravel/framework/src/Illuminate/Database/Connectors/Connector.php(70): PDO->__construct()
#1 /mnt/CA061E3D061E2B49/Code/Project/php_EShop/vendor/laravel/framework/src/Illuminate/Database/Connectors/Connector.php(46): Illuminate\\Database\\Connectors\\Connector->createPdoConnection()
#2 /mnt/CA061E3D061E2B49/Code/Project/php_EShop/vendor/laravel/framework/src/Illuminate/Database/Connectors/MySqlConnector.php(24): Illuminate\\Database\\Connectors\\Connector->createConnection()
#3 /mnt/CA061E3D061E2B49/Code/Project/php_EShop/vendor/laravel/framework/src/Illuminate/Database/Connectors/ConnectionFactory.php(184): Illuminate\\Database\\Connectors\\MySqlConnector->connect()
#4 [internal function]: Illuminate\\Database\\Connectors\\ConnectionFactory->Illuminate\\Database\\Connectors\\{closure}()
#5 /mnt/CA061E3D061E2B49/Code/Project/php_EShop/vendor/laravel/framework/src/Illuminate/Database/Connection.php(999): call_user_func()
#6 /mnt/CA061E3D061E2B49/Code/Project/php_EShop/vendor/laravel/framework/src/Illuminate/Database/Connection.php(1035): Illuminate\\Database\\Connection->getPdo()
#7 /mnt/CA061E3D061E2B49/Code/Project/php_EShop/vendor/laravel/framework/src/Illuminate/Database/Connection.php(426): Illuminate\\Database\\Connection->getReadPdo()
#8 /mnt/CA061E3D061E2B49/Code/Project/php_EShop/vendor/laravel/framework/src/Illuminate/Database/Connection.php(352): Illuminate\\Database\\Connection->getPdoForSelect()
#9 /mnt/CA061E3D061E2B49/Code/Project/php_EShop/vendor/laravel/framework/src/Illuminate/Database/Connection.php(685): Illuminate\\Database\\Connection->Illuminate\\Database\\{closure}()
#10 /mnt/CA061E3D061E2B49/Code/Project/php_EShop/vendor/laravel/framework/src/Illuminate/Database/Connection.php(652): Illuminate\\Database\\Connection->runQueryCallback()
#11 /mnt/CA061E3D061E2B49/Code/Project/php_EShop/vendor/laravel/framework/src/Illuminate/Database/Connection.php(360): Illuminate\\Database\\Connection->run()
#12 /mnt/CA061E3D061E2B49/Code/Project/php_EShop/vendor/laravel/framework/src/Illuminate/Database/Schema/MySqlBuilder.php(44): Illuminate\\Database\\Connection->select()
#13 /mnt/CA061E3D061E2B49/Code/Project/php_EShop/vendor/laravel/framework/src/Illuminate/Database/Migrations/DatabaseMigrationRepository.php(169): Illuminate\\Database\\Schema\\MySqlBuilder->hasTable()
#14 /mnt/CA061E3D061E2B49/Code/Project/php_EShop/vendor/laravel/framework/src/Illuminate/Database/Migrations/Migrator.php(645): Illuminate\\Database\\Migrations\\DatabaseMigrationRepository->repositoryExists()
#15 /mnt/CA061E3D061E2B49/Code/Project/php_EShop/vendor/laravel/framework/src/Illuminate/Database/Console/Migrations/StatusCommand.php(53): Illuminate\\Database\\Migrations\\Migrator->repositoryExists()
#16 /mnt/CA061E3D061E2B49/Code/Project/php_EShop/vendor/laravel/framework/src/Illuminate/Database/Migrations/Migrator.php(578): Illuminate\\Database\\Console\\Migrations\\StatusCommand->Illuminate\\Database\\Console\\Migrations\\{closure}()
#17 /mnt/CA061E3D061E2B49/Code/Project/php_EShop/vendor/laravel/framework/src/Illuminate/Database/Console/Migrations/StatusCommand.php(68): Illuminate\\Database\\Migrations\\Migrator->usingConnection()
#18 /mnt/CA061E3D061E2B49/Code/Project/php_EShop/vendor/laravel/framework/src/Illuminate/Container/BoundMethod.php(36): Illuminate\\Database\\Console\\Migrations\\StatusCommand->handle()
#19 /mnt/CA061E3D061E2B49/Code/Project/php_EShop/vendor/laravel/framework/src/Illuminate/Container/Util.php(40): Illuminate\\Container\\BoundMethod::Illuminate\\Container\\{closure}()
#20 /mnt/CA061E3D061E2B49/Code/Project/php_EShop/vendor/laravel/framework/src/Illuminate/Container/BoundMethod.php(93): Illuminate\\Container\\Util::unwrapIfClosure()
#21 /mnt/CA061E3D061E2B49/Code/Project/php_EShop/vendor/laravel/framework/src/Illuminate/Container/BoundMethod.php(37): Illuminate\\Container\\BoundMethod::callBoundMethod()
#22 /mnt/CA061E3D061E2B49/Code/Project/php_EShop/vendor/laravel/framework/src/Illuminate/Container/Container.php(651): Illuminate\\Container\\BoundMethod::call()
#23 /mnt/CA061E3D061E2B49/Code/Project/php_EShop/vendor/laravel/framework/src/Illuminate/Console/Command.php(136): Illuminate\\Container\\Container->call()
#24 /mnt/CA061E3D061E2B49/Code/Project/php_EShop/vendor/symfony/console/Command/Command.php(299): Illuminate\\Console\\Command->execute()
#25 /mnt/CA061E3D061E2B49/Code/Project/php_EShop/vendor/laravel/framework/src/Illuminate/Console/Command.php(121): Symfony\\Component\\Console\\Command\\Command->run()
#26 /mnt/CA061E3D061E2B49/Code/Project/php_EShop/vendor/symfony/console/Application.php(978): Illuminate\\Console\\Command->run()
#27 /mnt/CA061E3D061E2B49/Code/Project/php_EShop/vendor/symfony/console/Application.php(295): Symfony\\Component\\Console\\Application->doRunCommand()
#28 /mnt/CA061E3D061E2B49/Code/Project/php_EShop/vendor/symfony/console/Application.php(167): Symfony\\Component\\Console\\Application->doRun()
#29 /mnt/CA061E3D061E2B49/Code/Project/php_EShop/vendor/laravel/framework/src/Illuminate/Console/Application.php(92): Symfony\\Component\\Console\\Application->run()
#30 /mnt/CA061E3D061E2B49/Code/Project/php_EShop/vendor/laravel/framework/src/Illuminate/Foundation/Console/Kernel.php(129): Illuminate\\Console\\Application->run()
#31 /mnt/CA061E3D061E2B49/Code/Project/php_EShop/artisan(37): Illuminate\\Foundation\\Console\\Kernel->handle()
#32 {main}
"} 
[2021-07-05 11:32:55] local.ERROR: Command "migrate:intall" is not defined.

Did you mean one of these?
    migrate
    migrate:fresh
    migrate:install
    migrate:refresh
    migrate:reset
    migrate:rollback
    migrate:status
    sail:install {"exception":"[object] (Symfony\\Component\\Console\\Exception\\CommandNotFoundException(code: 0): Command \"migrate:intall\" is not defined.

Did you mean one of these?
    migrate
    migrate:fresh
    migrate:install
    migrate:refresh
    migrate:reset
    migrate:rollback
    migrate:status
    sail:install at /mnt/CA061E3D061E2B49/Code/Project/php_EShop/vendor/symfony/console/Application.php:682)
[stacktrace]
#0 /mnt/CA061E3D061E2B49/Code/Project/php_EShop/vendor/symfony/console/Application.php(255): Symfony\\Component\\Console\\Application->find()
#1 /mnt/CA061E3D061E2B49/Code/Project/php_EShop/vendor/symfony/console/Application.php(167): Symfony\\Component\\Console\\Application->doRun()
#2 /mnt/CA061E3D061E2B49/Code/Project/php_EShop/vendor/laravel/framework/src/Illuminate/Console/Application.php(92): Symfony\\Component\\Console\\Application->run()
#3 /mnt/CA061E3D061E2B49/Code/Project/php_EShop/vendor/laravel/framework/src/Illuminate/Foundation/Console/Kernel.php(129): Illuminate\\Console\\Application->run()
#4 /mnt/CA061E3D061E2B49/Code/Project/php_EShop/artisan(37): Illuminate\\Foundation\\Console\\Kernel->handle()
#5 {main}
"} 
[2021-07-05 11:33:00] local.ERROR: Command "migrate:intall" is not defined.

Did you mean one of these?
    migrate
    migrate:fresh
    migrate:install
    migrate:refresh
    migrate:reset
    migrate:rollback
    migrate:status
    sail:install {"exception":"[object] (Symfony\\Component\\Console\\Exception\\CommandNotFoundException(code: 0): Command \"migrate:intall\" is not defined.

Did you mean one of these?
    migrate
    migrate:fresh
    migrate:install
    migrate:refresh
    migrate:reset
    migrate:rollback
    migrate:status
    sail:install at /mnt/CA061E3D061E2B49/Code/Project/php_EShop/vendor/symfony/console/Application.php:682)
[stacktrace]
#0 /mnt/CA061E3D061E2B49/Code/Project/php_EShop/vendor/symfony/console/Application.php(255): Symfony\\Component\\Console\\Application->find()
#1 /mnt/CA061E3D061E2B49/Code/Project/php_EShop/vendor/symfony/console/Application.php(167): Symfony\\Component\\Console\\Application->doRun()
#2 /mnt/CA061E3D061E2B49/Code/Project/php_EShop/vendor/laravel/framework/src/Illuminate/Console/Application.php(92): Symfony\\Component\\Console\\Application->run()
#3 /mnt/CA061E3D061E2B49/Code/Project/php_EShop/vendor/laravel/framework/src/Illuminate/Foundation/Console/Kernel.php(129): Illuminate\\Console\\Application->run()
#4 /mnt/CA061E3D061E2B49/Code/Project/php_EShop/artisan(37): Illuminate\\Foundation\\Console\\Kernel->handle()
#5 {main}
"} 
